T2374 8650:377 SEGGER J-Link V4.98c Log File (0000ms, 65587ms total)
T2374 8650:377 DLL Compiled: Apr 23 2015 20:21:50 (0000ms, 65587ms total)
T2374 8650:377 Logging started @ 2015-05-07 00:31 (0000ms, 65587ms total)
T2374 8650:399 JLINK_ExecCommand("Device = AT91SAM3S4B", ...)Device "ATSAM3S4B" selected.  returns 0x00 (0000ms, 65587ms total)
T2374 8650:536 JLINK_ExecCommand("ProjectFile = D:\my documents\elektronika\ARM programi\diploma\DAQ\USB_DAQ\jlink.config", ...)  returns 0x00 (0000ms, 65587ms total)
T212C 8650:541 JLINK_EMU_GetList(InterfaceMask = 0x00000001, MaxInfos = 0x00000032) [0]: USB, S/N: 268005015  returns 0x01 (0001ms, 65588ms total)
T2374 8650:566 JLINK_ExecCommand("Device = AT91SAM3S4B", ...)Device "ATSAM3S4B" selected.  returns 0x00 (0000ms, 65588ms total)
T2374 8650:566 JLINK_TIF_Select(JLINKARM_TIF_JTAG)  returns 0x00 (0001ms, 65589ms total)
T2374 8650:567 JLINK_GetIdData(...) >0x2F8 JTAG>TotalIRLen = 4, IRPrint = 0x01 >0x30 JTAG> >0x210 JTAG> >0x70 JTAG> >0x40 JTAG> >0x40 JTAG> >0x40 JTAG> >0x48 JTAG> >0x78 JTAG> >0x40 JTAG> >0x30 JTAG> >0x40 JTAG> >0x40 JTAG> >0x30 JTAG> >0x40 JTAG> >0x48 JTAG>Found Cortex-M3 r2p0, Little endian. -- CPU_WriteMem(4 bytes @ 0xE0002000) -- CPU_ReadMem(4 bytes @ 0xE000EDF0) -- CPU_ReadMem(4 bytes @ 0xE0002000)FPUnit: 6 code (BP) slots and 2 literal slots -- CPU_ReadMem(4 bytes @ 0xE000EDFC)
 -- CPU_ReadMem(4 bytes @ 0xE0001000) -- CPU_WriteMem(4 bytes @ 0xE0001000) -- CPU_ReadMem(4 bytes @ 0xE000ED88) -- CPU_WriteMem(4 bytes @ 0xE000ED88) -- CPU_ReadMem(4 bytes @ 0xE000ED88) -- CPU_WriteMem(4 bytes @ 0xE000ED88)CoreSight components:ROMTbl 0 @ E00FF000 -- CPU_ReadMem(16 bytes @ 0xE00FF000) -- CPU_ReadMem(16 bytes @ 0xE000EFF0) -- CPU_ReadMem(16 bytes @ 0xE000EFE0)ROMTbl 0 [0]: FFF0F000, CID: B105E00D, PID: 002BB000 SCS -- CPU_ReadMem(16 bytes @ 0xE0001FF0)
 -- CPU_ReadMem(16 bytes @ 0xE0001FE0)ROMTbl 0 [1]: FFF02000, CID: B105E00D, PID: 002BB002 DWT -- CPU_ReadMem(16 bytes @ 0xE0002FF0) -- CPU_ReadMem(16 bytes @ 0xE0002FE0)ROMTbl 0 [2]: FFF03000, CID: B105E00D, PID: 002BB003 FPB -- CPU_ReadMem(16 bytes @ 0xE0000FF0) -- CPU_ReadMem(16 bytes @ 0xE0000FE0)ROMTbl 0 [3]: FFF01000, CID: B105E00D, PID: 002BB001 ITM -- CPU_ReadMem(16 bytes @ 0xE00FF010) -- CPU_ReadMem(16 bytes @ 0xE0040FF0) -- CPU_ReadMem(16 bytes @ 0xE0040FE0)
ROMTbl 0 [4]: FFF41000, CID: B105900D, PID: 002BB923 TPIU-Lite ScanLen=4 NumDevices=1 aId[0]=0x4BA00477 aIrRead[0]=0 aScanLen[0]=0 aScanRead[0]=0 (0030ms, 65619ms total)
T2374 8650:597 JLINK_ConfigJTAG(IRPre = 0, DRPre = 0) (0000ms, 65619ms total)
T2374 8650:597 JLINK_SetSpeed(1000) (0000ms, 65619ms total)
T2374 8650:597 JLINK_ResetPullsRESET(OFF) (0000ms, 65619ms total)
T2374 8650:597 JLINK_Connect() >0x2F8 JTAG>TotalIRLen = 4, IRPrint = 0x01 >0x30 JTAG> >0x210 JTAG> >0x70 JTAG> >0x40 JTAG> >0x40 JTAG> >0x40 JTAG> >0x48 JTAG> >0x78 JTAG> >0x40 JTAG> >0x30 JTAG> >0x40 JTAG> >0x40 JTAG> >0x30 JTAG> >0x40 JTAG> >0x48 JTAG>Found Cortex-M3 r2p0, Little endian. -- CPU_WriteMem(4 bytes @ 0xE0002000) -- CPU_ReadMem(4 bytes @ 0xE000EDF0) -- CPU_ReadMem(4 bytes @ 0xE0002000)FPUnit: 6 code (BP) slots and 2 literal slots -- CPU_ReadMem(4 bytes @ 0xE000EDFC)
 -- CPU_ReadMem(4 bytes @ 0xE0001000) -- CPU_WriteMem(4 bytes @ 0xE0001000) -- CPU_ReadMem(4 bytes @ 0xE000ED88) -- CPU_WriteMem(4 bytes @ 0xE000ED88) -- CPU_ReadMem(4 bytes @ 0xE000ED88) -- CPU_WriteMem(4 bytes @ 0xE000ED88)CoreSight components:ROMTbl 0 @ E00FF000 -- CPU_ReadMem(16 bytes @ 0xE00FF000) -- CPU_ReadMem(16 bytes @ 0xE000EFF0) -- CPU_ReadMem(16 bytes @ 0xE000EFE0)ROMTbl 0 [0]: FFF0F000, CID: B105E00D, PID: 002BB000 SCS -- CPU_ReadMem(16 bytes @ 0xE0001FF0)
 -- CPU_ReadMem(16 bytes @ 0xE0001FE0)ROMTbl 0 [1]: FFF02000, CID: B105E00D, PID: 002BB002 DWT -- CPU_ReadMem(16 bytes @ 0xE0002FF0) -- CPU_ReadMem(16 bytes @ 0xE0002FE0)ROMTbl 0 [2]: FFF03000, CID: B105E00D, PID: 002BB003 FPB -- CPU_ReadMem(16 bytes @ 0xE0000FF0) -- CPU_ReadMem(16 bytes @ 0xE0000FE0)ROMTbl 0 [3]: FFF01000, CID: B105E00D, PID: 002BB001 ITM -- CPU_ReadMem(16 bytes @ 0xE00FF010) -- CPU_ReadMem(16 bytes @ 0xE0040FF0) -- CPU_ReadMem(16 bytes @ 0xE0040FE0)
ROMTbl 0 [4]: FFF41000, CID: B105900D, PID: 002BB923 TPIU-Lite  returns 0x00 (0027ms, 65646ms total)
T2374 8650:624 JLINK_GetDebugInfo(0x100) -- Value=0xE00FF003  returns 0x00 (0000ms, 65646ms total)
T2374 8650:624 JLINK_ReadMem (0xE00FFFF0, 0x0010 Bytes, ...) -- CPU is running -- CPU_ReadMem(16 bytes @ 0xE00FFFF0) - Data: 0D 00 00 00 10 00 00 00 05 00 00 00 B1 00 00 00  returns 0x00 (0001ms, 65647ms total)
T2374 8650:625 JLINK_ReadMem (0xE00FFFD0, 0x0020 Bytes, ...) -- CPU is running -- CPU_ReadMem(32 bytes @ 0xE00FFFD0) - Data: 00 00 00 00 00 00 00 00 00 00 00 00 00 00 00 00 ...  returns 0x00 (0002ms, 65649ms total)
T2374 8650:627 JLINK_ReadMemU32(0xE00FF000, 0x0001 Items, ...) -- CPU is running -- CPU_ReadMem(4 bytes @ 0xE00FF000) - Data: 03 F0 F0 FF  returns 0x01 (0000ms, 65649ms total)
T2374 8650:627 JLINK_ReadMem (0xE000EFF0, 0x0010 Bytes, ...) -- CPU is running -- CPU_ReadMem(16 bytes @ 0xE000EFF0) - Data: 0D 00 00 00 E0 00 00 00 05 00 00 00 B1 00 00 00  returns 0x00 (0002ms, 65651ms total)
T2374 8650:629 JLINK_ReadMem (0xE000EFD0, 0x0020 Bytes, ...) -- CPU is running -- CPU_ReadMem(32 bytes @ 0xE000EFD0) - Data: 04 00 00 00 00 00 00 00 00 00 00 00 00 00 00 00 ...  returns 0x00 (0001ms, 65652ms total)
T2374 8650:630 JLINK_ReadMemU32(0xE00FF004, 0x0001 Items, ...) -- CPU is running -- CPU_ReadMem(4 bytes @ 0xE00FF004) - Data: 03 20 F0 FF  returns 0x01 (0001ms, 65653ms total)
T2374 8650:631 JLINK_ReadMem (0xE0001FF0, 0x0010 Bytes, ...) -- CPU is running -- CPU_ReadMem(16 bytes @ 0xE0001FF0) - Data: 0D 00 00 00 E0 00 00 00 05 00 00 00 B1 00 00 00  returns 0x00 (0001ms, 65654ms total)
T2374 8650:632 JLINK_ReadMem (0xE0001FD0, 0x0020 Bytes, ...) -- CPU is running -- CPU_ReadMem(32 bytes @ 0xE0001FD0) - Data: 04 00 00 00 00 00 00 00 00 00 00 00 00 00 00 00 ...  returns 0x00 (0002ms, 65656ms total)
T2374 8650:634 JLINK_ReadMemU32(0xE00FF008, 0x0001 Items, ...) -- CPU is running -- CPU_ReadMem(4 bytes @ 0xE00FF008) - Data: 03 30 F0 FF  returns 0x01 (0000ms, 65656ms total)
T2374 8650:634 JLINK_ReadMem (0xE0002FF0, 0x0010 Bytes, ...) -- CPU is running -- CPU_ReadMem(16 bytes @ 0xE0002FF0) - Data: 0D 00 00 00 E0 00 00 00 05 00 00 00 B1 00 00 00  returns 0x00 (0001ms, 65657ms total)
T2374 8650:635 JLINK_ReadMem (0xE0002FD0, 0x0020 Bytes, ...) -- CPU is running -- CPU_ReadMem(32 bytes @ 0xE0002FD0) - Data: 04 00 00 00 00 00 00 00 00 00 00 00 00 00 00 00 ...  returns 0x00 (0002ms, 65659ms total)
T2374 8650:637 JLINK_ReadMemU32(0xE00FF00C, 0x0001 Items, ...) -- CPU is running -- CPU_ReadMem(4 bytes @ 0xE00FF00C) - Data: 03 10 F0 FF  returns 0x01 (0001ms, 65660ms total)
T2374 8650:638 JLINK_ReadMem (0xE0000FF0, 0x0010 Bytes, ...) -- CPU is running -- CPU_ReadMem(16 bytes @ 0xE0000FF0) - Data: 0D 00 00 00 E0 00 00 00 05 00 00 00 B1 00 00 00  returns 0x00 (0001ms, 65661ms total)
T2374 8650:639 JLINK_ReadMem (0xE0000FD0, 0x0020 Bytes, ...) -- CPU is running -- CPU_ReadMem(32 bytes @ 0xE0000FD0) - Data: 04 00 00 00 00 00 00 00 00 00 00 00 00 00 00 00 ...  returns 0x00 (0001ms, 65662ms total)
T2374 8650:640 JLINK_ReadMemU32(0xE00FF010, 0x0001 Items, ...) -- CPU is running -- CPU_ReadMem(4 bytes @ 0xE00FF010) - Data: 03 10 F4 FF  returns 0x01 (0001ms, 65663ms total)
T2374 8650:641 JLINK_ReadMem (0xE0040FF0, 0x0010 Bytes, ...) -- CPU is running -- CPU_ReadMem(16 bytes @ 0xE0040FF0) - Data: 0D 00 00 00 90 00 00 00 05 00 00 00 B1 00 00 00  returns 0x00 (0001ms, 65664ms total)
T2374 8650:642 JLINK_ReadMem (0xE0040FD0, 0x0020 Bytes, ...) -- CPU is running -- CPU_ReadMem(32 bytes @ 0xE0040FD0) - Data: 04 00 00 00 00 00 00 00 00 00 00 00 00 00 00 00 ...  returns 0x00 (0001ms, 65665ms total)
T2374 8650:643 JLINK_ReadMemU32(0xE00FF014, 0x0001 Items, ...) -- CPU is running -- CPU_ReadMem(4 bytes @ 0xE00FF014) - Data: 02 20 F4 FF  returns 0x01 (0001ms, 65666ms total)
T2374 8650:644 JLINK_ReadMemU32(0xE00FF018, 0x0001 Items, ...) -- CPU is running -- CPU_ReadMem(4 bytes @ 0xE00FF018) - Data: 00 00 00 00  returns 0x01 (0001ms, 65667ms total)
T2374 8650:645 JLINK_ReadMem (0xE0001000, 0x0004 Bytes, ...) -- CPU is running -- CPU_ReadMem(4 bytes @ 0xE0001000) - Data: 01 00 00 40  returns 0x00 (0001ms, 65668ms total)
T2374 8650:646 JLINK_ReadMem (0xE0001000, 0x0004 Bytes, ...) -- CPU is running -- CPU_ReadMem(4 bytes @ 0xE0001000) - Data: 01 00 00 40  returns 0x00 (0000ms, 65668ms total)
T2374 8650:646 JLINK_ReadMem (0xE0001028, 0x0004 Bytes, ...) -- CPU is running -- CPU_ReadMem(4 bytes @ 0xE0001028) - Data: 00 00 00 00  returns 0x00 (0001ms, 65669ms total)
T2374 8650:647 JLINK_WriteMem(0xE0001028, 0x0004 Bytes, ...) - Data: 00 01 00 00 -- CPU is running -- CPU_WriteMem(4 bytes @ 0xE0001028)  returns 0x04 (0001ms, 65670ms total)
T2374 8650:648 JLINK_ReadMem (0xE0001028, 0x0004 Bytes, ...) -- CPU is running -- CPU_ReadMem(4 bytes @ 0xE0001028) - Data: 00 00 00 00  returns 0x00 (0001ms, 65671ms total)
T2374 8650:649 JLINK_ReadMem (0xE0001038, 0x0004 Bytes, ...) -- CPU is running -- CPU_ReadMem(4 bytes @ 0xE0001038) - Data: 00 02 00 00  returns 0x00 (0001ms, 65672ms total)
T2374 8650:650 JLINK_WriteMem(0xE0001038, 0x0004 Bytes, ...) - Data: 00 03 00 00 -- CPU is running -- CPU_WriteMem(4 bytes @ 0xE0001038)  returns 0x04 (0000ms, 65672ms total)
T2374 8650:650 JLINK_ReadMem (0xE0001038, 0x0004 Bytes, ...) -- CPU is running -- CPU_ReadMem(4 bytes @ 0xE0001038) - Data: 00 03 00 00  returns 0x00 (0001ms, 65673ms total)
T2374 8650:651 JLINK_ReadMem (0xE0001048, 0x0004 Bytes, ...) -- CPU is running -- CPU_ReadMem(4 bytes @ 0xE0001048) - Data: 00 00 00 00  returns 0x00 (0001ms, 65674ms total)
T2374 8650:652 JLINK_WriteMem(0xE0001048, 0x0004 Bytes, ...) - Data: 00 01 00 00 -- CPU is running -- CPU_WriteMem(4 bytes @ 0xE0001048)  returns 0x04 (0001ms, 65675ms total)
T2374 8650:653 JLINK_ReadMem (0xE0001048, 0x0004 Bytes, ...) -- CPU is running -- CPU_ReadMem(4 bytes @ 0xE0001048) - Data: 00 00 00 00  returns 0x00 (0000ms, 65675ms total)
T2374 8650:653 JLINK_ReadMem (0xE0001058, 0x0004 Bytes, ...) -- CPU is running -- CPU_ReadMem(4 bytes @ 0xE0001058) - Data: 00 00 00 00  returns 0x00 (0001ms, 65676ms total)
T2374 8650:654 JLINK_WriteMem(0xE0001058, 0x0004 Bytes, ...) - Data: 00 01 00 00 -- CPU is running -- CPU_WriteMem(4 bytes @ 0xE0001058)  returns 0x04 (0001ms, 65677ms total)
T2374 8650:655 JLINK_ReadMem (0xE0001058, 0x0004 Bytes, ...) -- CPU is running -- CPU_ReadMem(4 bytes @ 0xE0001058) - Data: 00 00 00 00  returns 0x00 (0001ms, 65678ms total)
T2374 8650:656 JLINK_ReadMem (0xE0001024, 0x0004 Bytes, ...) -- CPU is running -- CPU_ReadMem(4 bytes @ 0xE0001024) - Data: 00 00 00 00  returns 0x00 (0000ms, 65678ms total)
T2374 8650:656 JLINK_WriteMem(0xE0001024, 0x0004 Bytes, ...) - Data: 1F 00 00 00 -- CPU is running -- CPU_WriteMem(4 bytes @ 0xE0001024)  returns 0x04 (0001ms, 65679ms total)
T2374 8650:657 JLINK_ReadMem (0xE0001024, 0x0004 Bytes, ...) -- CPU is running -- CPU_ReadMem(4 bytes @ 0xE0001024) - Data: 0F 00 00 00  returns 0x00 (0001ms, 65680ms total)
T2374 8650:658 JLINK_ReadMem (0xE0001034, 0x0004 Bytes, ...) -- CPU is running -- CPU_ReadMem(4 bytes @ 0xE0001034) - Data: 00 00 00 00  returns 0x00 (0001ms, 65681ms total)
T2374 8650:659 JLINK_WriteMem(0xE0001034, 0x0004 Bytes, ...) - Data: 1F 00 00 00 -- CPU is running -- CPU_WriteMem(4 bytes @ 0xE0001034)  returns 0x04 (0000ms, 65681ms total)
T2374 8650:659 JLINK_ReadMem (0xE0001034, 0x0004 Bytes, ...) -- CPU is running -- CPU_ReadMem(4 bytes @ 0xE0001034) - Data: 0F 00 00 00  returns 0x00 (0001ms, 65682ms total)
T2374 8650:660 JLINK_ReadMem (0xE0001044, 0x0004 Bytes, ...) -- CPU is running -- CPU_ReadMem(4 bytes @ 0xE0001044) - Data: 00 00 00 00  returns 0x00 (0001ms, 65683ms total)
T2374 8650:661 JLINK_WriteMem(0xE0001044, 0x0004 Bytes, ...) - Data: 1F 00 00 00 -- CPU is running -- CPU_WriteMem(4 bytes @ 0xE0001044)  returns 0x04 (0001ms, 65684ms total)
T2374 8650:662 JLINK_ReadMem (0xE0001044, 0x0004 Bytes, ...) -- CPU is running -- CPU_ReadMem(4 bytes @ 0xE0001044) - Data: 0F 00 00 00  returns 0x00 (0000ms, 65684ms total)
T2374 8650:662 JLINK_ReadMem (0xE0001054, 0x0004 Bytes, ...) -- CPU is running -- CPU_ReadMem(4 bytes @ 0xE0001054) - Data: 00 00 00 00  returns 0x00 (0001ms, 65685ms total)
T2374 8650:663 JLINK_WriteMem(0xE0001054, 0x0004 Bytes, ...) - Data: 1F 00 00 00 -- CPU is running -- CPU_WriteMem(4 bytes @ 0xE0001054)  returns 0x04 (0001ms, 65686ms total)
T2374 8650:664 JLINK_ReadMem (0xE0001054, 0x0004 Bytes, ...) -- CPU is running -- CPU_ReadMem(4 bytes @ 0xE0001054) - Data: 0F 00 00 00  returns 0x00 (0001ms, 65687ms total)
T2374 8650:665 JLINK_ReadMem (0xE0001028, 0x0004 Bytes, ...) -- CPU is running -- CPU_ReadMem(4 bytes @ 0xE0001028) - Data: 00 00 00 00  returns 0x00 (0001ms, 65688ms total)
T2374 8650:666 JLINK_ReadMem (0xE0001038, 0x0004 Bytes, ...) -- CPU is running -- CPU_ReadMem(4 bytes @ 0xE0001038) - Data: 00 03 00 00  returns 0x00 (0001ms, 65689ms total)
T2374 8650:667 JLINK_ReadMem (0xE0001048, 0x0004 Bytes, ...) -- CPU is running -- CPU_ReadMem(4 bytes @ 0xE0001048) - Data: 00 00 00 00  returns 0x00 (0000ms, 65689ms total)
T2374 8650:667 JLINK_ReadMem (0xE0001058, 0x0004 Bytes, ...) -- CPU is running -- CPU_ReadMem(4 bytes @ 0xE0001058) - Data: 00 00 00 00  returns 0x00 (0001ms, 65690ms total)
T2374 8650:668 JLINK_WriteMem(0xE0001020, 0x0004 Bytes, ...) - Data: 00 00 00 00 -- CPU is running -- CPU_WriteMem(4 bytes @ 0xE0001020)  returns 0x04 (0001ms, 65691ms total)
T2374 8650:669 JLINK_WriteMem(0xE0001024, 0x0004 Bytes, ...) - Data: 00 00 00 00 -- CPU is running -- CPU_WriteMem(4 bytes @ 0xE0001024)  returns 0x04 (0001ms, 65692ms total)
T2374 8650:670 JLINK_WriteMem(0xE0001028, 0x0004 Bytes, ...) - Data: 00 00 00 00 -- CPU is running -- CPU_WriteMem(4 bytes @ 0xE0001028)  returns 0x04 (0000ms, 65692ms total)
T2374 8650:670 JLINK_WriteMem(0xE0001030, 0x0004 Bytes, ...) - Data: 00 00 00 00 -- CPU is running -- CPU_WriteMem(4 bytes @ 0xE0001030)  returns 0x04 (0001ms, 65693ms total)
T2374 8650:671 JLINK_WriteMem(0xE0001034, 0x0004 Bytes, ...) - Data: 00 00 00 00 -- CPU is running -- CPU_WriteMem(4 bytes @ 0xE0001034)  returns 0x04 (0000ms, 65693ms total)
T2374 8650:671 JLINK_WriteMem(0xE0001038, 0x0004 Bytes, ...) - Data: 00 00 00 00 -- CPU is running -- CPU_WriteMem(4 bytes @ 0xE0001038)  returns 0x04 (0001ms, 65694ms total)
T2374 8650:672 JLINK_WriteMem(0xE0001040, 0x0004 Bytes, ...) - Data: 00 00 00 00 -- CPU is running -- CPU_WriteMem(4 bytes @ 0xE0001040)  returns 0x04 (0001ms, 65695ms total)
T2374 8650:673 JLINK_WriteMem(0xE0001044, 0x0004 Bytes, ...) - Data: 00 00 00 00 -- CPU is running -- CPU_WriteMem(4 bytes @ 0xE0001044)  returns 0x04 (0000ms, 65695ms total)
T2374 8650:673 JLINK_WriteMem(0xE0001048, 0x0004 Bytes, ...) - Data: 00 00 00 00 -- CPU is running -- CPU_WriteMem(4 bytes @ 0xE0001048)  returns 0x04 (0001ms, 65696ms total)
T2374 8650:674 JLINK_WriteMem(0xE0001050, 0x0004 Bytes, ...) - Data: 00 00 00 00 -- CPU is running -- CPU_WriteMem(4 bytes @ 0xE0001050)  returns 0x04 (0001ms, 65697ms total)
T2374 8650:675 JLINK_WriteMem(0xE0001054, 0x0004 Bytes, ...) - Data: 00 00 00 00 -- CPU is running -- CPU_WriteMem(4 bytes @ 0xE0001054)  returns 0x04 (0000ms, 65697ms total)
T2374 8650:675 JLINK_WriteMem(0xE0001058, 0x0004 Bytes, ...) - Data: 00 00 00 00 -- CPU is running -- CPU_WriteMem(4 bytes @ 0xE0001058)  returns 0x04 (0001ms, 65698ms total)
T2374 8650:676 JLINK_Halt()  returns 0x00 (0007ms, 65705ms total)
T2374 8650:684 JLINK_WriteMem(0x400E0A04, 0x0004 Bytes, ...) - Data: 0B 01 00 5A -- CPU_WriteMem(4 bytes @ 0x400E0A04)  returns 0x04 (0001ms, 65706ms total)
T2374 8650:685 JLINK_ReadMem (0x400E0A08, 0x0004 Bytes, ...) -- CPU_ReadMem(4 bytes @ 0x400E0A08) - Data: 01 00 08 00  returns 0x00 (0000ms, 65706ms total)
T2374 8650:685 JLINK_Reset() -- CPU_ReadMem(16 bytes @ 0x20000000) -- CPU_WriteMem(16 bytes @ 0x20000000) -- CPU_ReadMem(4 bytes @ 0xE000EDFC) -- CPU_WriteMem(4 bytes @ 0xE000EDFC) -- CPU_ReadMem(4 bytes @ 0xE0001000) -- CPU_WriteMem(4 bytes @ 0xE000ED0C) -- CPU_ReadMem(4 bytes @ 0xE000EDF0) -- CPU_ReadMem(4 bytes @ 0xE000EDF0) -- CPU_WriteMem(4 bytes @ 0xE000EDFC) -- CPU_WriteMem(16 bytes @ 0x20000000) -- CPU_WriteMem(4 bytes @ 0xE0002000) -- CPU_ReadMem(4 bytes @ 0xE000EDFC)
 -- CPU_ReadMem(4 bytes @ 0xE0001000) (0038ms, 65744ms total)
T2374 8650:723 JLINK_JTAG_GetDeviceID(DeviceIndex = 0)  returns 0x4BA00477 (0000ms, 65744ms total)
T2374 8650:723 JLINK_ReadMemU32(0x400E0740, 0x0001 Items, ...) -- CPU_ReadMem(4 bytes @ 0x400E0740) - Data: 60 09 90 28  returns 0x01 (0001ms, 65745ms total)
T2374 8650:724 JLINK_WriteMem(0x400E0A04, 0x0004 Bytes, ...) - Data: 09 00 00 5A -- CPU_WriteMem(4 bytes @ 0x400E0A04)  returns 0x04 (0000ms, 65745ms total)
T2374 8650:724 JLINK_ReadMem (0x400E0A08, 0x0004 Bytes, ...) -- CPU_ReadMem(4 bytes @ 0x400E0A08) - Data: 01 00 00 00  returns 0x00 (0001ms, 65746ms total)
T2374 8650:725 JLINK_WriteMem(0x400E0A04, 0x0004 Bytes, ...) - Data: 09 40 00 5A -- CPU_WriteMem(4 bytes @ 0x400E0A04)  returns 0x04 (0001ms, 65747ms total)
T2374 8650:726 JLINK_ReadMem (0x400E0A08, 0x0004 Bytes, ...) -- CPU_ReadMem(4 bytes @ 0x400E0A08) - Data: 01 00 00 00  returns 0x00 (0001ms, 65748ms total)
T2374 8650:727 JLINK_WriteMem(0x400E0A04, 0x0004 Bytes, ...) - Data: 09 80 00 5A -- CPU_WriteMem(4 bytes @ 0x400E0A04)  returns 0x04 (0000ms, 65748ms total)
T2374 8650:727 JLINK_ReadMem (0x400E0A08, 0x0004 Bytes, ...) -- CPU_ReadMem(4 bytes @ 0x400E0A08) - Data: 01 00 00 00  returns 0x00 (0001ms, 65749ms total)
T2374 8650:728 JLINK_WriteMem(0x400E0A04, 0x0004 Bytes, ...) - Data: 09 C0 00 5A -- CPU_WriteMem(4 bytes @ 0x400E0A04)  returns 0x04 (0001ms, 65750ms total)
T2374 8650:729 JLINK_ReadMem (0x400E0A08, 0x0004 Bytes, ...) -- CPU_ReadMem(4 bytes @ 0x400E0A08) - Data: 01 00 00 00  returns 0x00 (0001ms, 65751ms total)
T2374 8650:730 JLINK_WriteMem(0x400E0A04, 0x0004 Bytes, ...) - Data: 09 00 01 5A -- CPU_WriteMem(4 bytes @ 0x400E0A04)  returns 0x04 (0000ms, 65751ms total)
T2374 8650:730 JLINK_ReadMem (0x400E0A08, 0x0004 Bytes, ...) -- CPU_ReadMem(4 bytes @ 0x400E0A08) - Data: 01 00 00 00  returns 0x00 (0001ms, 65752ms total)
T2374 8650:731 JLINK_WriteMem(0x400E0A04, 0x0004 Bytes, ...) - Data: 09 40 01 5A -- CPU_WriteMem(4 bytes @ 0x400E0A04)  returns 0x04 (0001ms, 65753ms total)
T2374 8650:732 JLINK_ReadMem (0x400E0A08, 0x0004 Bytes, ...) -- CPU_ReadMem(4 bytes @ 0x400E0A08) - Data: 01 00 00 00  returns 0x00 (0000ms, 65753ms total)
T2374 8650:732 JLINK_WriteMem(0x400E0A04, 0x0004 Bytes, ...) - Data: 09 80 01 5A -- CPU_WriteMem(4 bytes @ 0x400E0A04)  returns 0x04 (0001ms, 65754ms total)
T2374 8650:733 JLINK_ReadMem (0x400E0A08, 0x0004 Bytes, ...) -- CPU_ReadMem(4 bytes @ 0x400E0A08) - Data: 01 00 00 00  returns 0x00 (0001ms, 65755ms total)
T2374 8650:734 JLINK_WriteMem(0x400E0A04, 0x0004 Bytes, ...) - Data: 09 C0 01 5A -- CPU_WriteMem(4 bytes @ 0x400E0A04)  returns 0x04 (0001ms, 65756ms total)
T2374 8650:735 JLINK_ReadMem (0x400E0A08, 0x0004 Bytes, ...) -- CPU_ReadMem(4 bytes @ 0x400E0A08) - Data: 01 00 00 00  returns 0x00 (0000ms, 65756ms total)
T2374 8650:735 JLINK_WriteMem(0x400E0A04, 0x0004 Bytes, ...) - Data: 09 00 02 5A -- CPU_WriteMem(4 bytes @ 0x400E0A04)  returns 0x04 (0002ms, 65758ms total)
T2374 8650:737 JLINK_ReadMem (0x400E0A08, 0x0004 Bytes, ...) -- CPU_ReadMem(4 bytes @ 0x400E0A08) - Data: 01 00 00 00  returns 0x00 (0000ms, 65758ms total)
T2374 8650:737 JLINK_WriteMem(0x400E0A04, 0x0004 Bytes, ...) - Data: 09 40 02 5A -- CPU_WriteMem(4 bytes @ 0x400E0A04)  returns 0x04 (0001ms, 65759ms total)
T2374 8650:738 JLINK_ReadMem (0x400E0A08, 0x0004 Bytes, ...) -- CPU_ReadMem(4 bytes @ 0x400E0A08) - Data: 01 00 00 00  returns 0x00 (0001ms, 65760ms total)
T2374 8650:739 JLINK_WriteMem(0x400E0A04, 0x0004 Bytes, ...) - Data: 09 80 02 5A -- CPU_WriteMem(4 bytes @ 0x400E0A04)  returns 0x04 (0000ms, 65760ms total)
T2374 8650:739 JLINK_ReadMem (0x400E0A08, 0x0004 Bytes, ...) -- CPU_ReadMem(4 bytes @ 0x400E0A08) - Data: 01 00 00 00  returns 0x00 (0001ms, 65761ms total)
T2374 8650:740 JLINK_WriteMem(0x400E0A04, 0x0004 Bytes, ...) - Data: 09 C0 02 5A -- CPU_WriteMem(4 bytes @ 0x400E0A04)  returns 0x04 (0001ms, 65762ms total)
T2374 8650:741 JLINK_ReadMem (0x400E0A08, 0x0004 Bytes, ...) -- CPU_ReadMem(4 bytes @ 0x400E0A08) - Data: 01 00 00 00  returns 0x00 (0001ms, 65763ms total)
T2374 8650:742 JLINK_WriteMem(0x400E0A04, 0x0004 Bytes, ...) - Data: 09 00 03 5A -- CPU_WriteMem(4 bytes @ 0x400E0A04)  returns 0x04 (0000ms, 65763ms total)
T2374 8650:742 JLINK_ReadMem (0x400E0A08, 0x0004 Bytes, ...) -- CPU_ReadMem(4 bytes @ 0x400E0A08) - Data: 01 00 00 00  returns 0x00 (0001ms, 65764ms total)
T2374 8650:743 JLINK_WriteMem(0x400E0A04, 0x0004 Bytes, ...) - Data: 09 40 03 5A -- CPU_WriteMem(4 bytes @ 0x400E0A04)  returns 0x04 (0001ms, 65765ms total)
T2374 8650:744 JLINK_ReadMem (0x400E0A08, 0x0004 Bytes, ...) -- CPU_ReadMem(4 bytes @ 0x400E0A08) - Data: 01 00 00 00  returns 0x00 (0001ms, 65766ms total)
T2374 8650:745 JLINK_WriteMem(0x400E0A04, 0x0004 Bytes, ...) - Data: 09 80 03 5A -- CPU_WriteMem(4 bytes @ 0x400E0A04)  returns 0x04 (0000ms, 65766ms total)
T2374 8650:745 JLINK_ReadMem (0x400E0A08, 0x0004 Bytes, ...) -- CPU_ReadMem(4 bytes @ 0x400E0A08) - Data: 01 00 00 00  returns 0x00 (0001ms, 65767ms total)
T2374 8650:746 JLINK_WriteMem(0x400E0A04, 0x0004 Bytes, ...) - Data: 09 C0 03 5A -- CPU_WriteMem(4 bytes @ 0x400E0A04)  returns 0x04 (0001ms, 65768ms total)
T2374 8650:747 JLINK_ReadMem (0x400E0A08, 0x0004 Bytes, ...) -- CPU_ReadMem(4 bytes @ 0x400E0A08) - Data: 01 00 00 00  returns 0x00 (0000ms, 65768ms total)
T2374 8650:747 JLINK_WriteMem(0x400E0A04, 0x0004 Bytes, ...) - Data: 05 00 00 5A -- CPU_WriteMem(4 bytes @ 0x400E0A04)  returns 0x04 (0001ms, 65769ms total)
T2374 8650:748 JLINK_ReadMem (0x400E0A08, 0x0004 Bytes, ...) -- CPU_ReadMem(4 bytes @ 0x400E0A08) - Data: 00 00 00 00  returns 0x00 (0001ms, 65770ms total)
T2374 8650:750 JLINK_ReadMem (0x400E0A08, 0x0004 Bytes, ...) -- CPU_ReadMem(4 bytes @ 0x400E0A08) - Data: 00 00 00 00  returns 0x00 (0001ms, 65771ms total)
T2374 8650:755 JLINK_ReadMem (0x400E0A08, 0x0004 Bytes, ...) -- CPU_ReadMem(4 bytes @ 0x400E0A08) - Data: 00 00 00 00  returns 0x00 (0001ms, 65772ms total)
T2374 8650:772 JLINK_ReadMem (0x400E0A08, 0x0004 Bytes, ...) -- CPU_ReadMem(4 bytes @ 0x400E0A08) - Data: 01 00 00 00  returns 0x00 (0001ms, 65773ms total)
T2374 8650:773 JLINK_ResetPullsRESET(ON) (0000ms, 65773ms total)
T2374 8650:773 JLINK_ResetNoHalt() >0x2F8 JTAG>TotalIRLen = 4, IRPrint = 0x01 >0x30 JTAG> >0x210 JTAG> >0x70 JTAG> >0x40 JTAG> >0x40 JTAG> >0x40 JTAG> >0x48 JTAG> >0x78 JTAG> >0x40 JTAG> >0x30 JTAG> >0x40 JTAG> >0x40 JTAG> >0x30 JTAG> >0x40 JTAG> >0x48 JTAG>Found Cortex-M3 r2p0, Little endian. -- CPU_WriteMem(4 bytes @ 0xE0002000) -- CPU_ReadMem(4 bytes @ 0xE000EDF0) -- CPU_ReadMem(4 bytes @ 0xE0002000)FPUnit: 6 code (BP) slots and 2 literal slots -- CPU_ReadMem(4 bytes @ 0xE000EDFC)
 -- CPU_ReadMem(4 bytes @ 0xE0001000) -- CPU_ReadMem(4 bytes @ 0xE000ED88) -- CPU_WriteMem(4 bytes @ 0xE000ED88) -- CPU_ReadMem(4 bytes @ 0xE000ED88) -- CPU_WriteMem(4 bytes @ 0xE000ED88)CoreSight components:ROMTbl 0 @ E00FF000 -- CPU_ReadMem(16 bytes @ 0xE00FF000) -- CPU_ReadMem(16 bytes @ 0xE000EFF0) -- CPU_ReadMem(16 bytes @ 0xE000EFE0)ROMTbl 0 [0]: FFF0F000, CID: B105E00D, PID: 002BB000 SCS -- CPU_WriteMem(4 bytes @ 0xE0001000) -- CPU_ReadMem(16 bytes @ 0xE0001FF0)
 -- CPU_ReadMem(16 bytes @ 0xE0001FE0)ROMTbl 0 [1]: FFF02000, CID: B105E00D, PID: 002BB002 DWT -- CPU_ReadMem(16 bytes @ 0xE0002FF0) -- CPU_ReadMem(16 bytes @ 0xE0002FE0)ROMTbl 0 [2]: FFF03000, CID: B105E00D, PID: 002BB003 FPB -- CPU_ReadMem(16 bytes @ 0xE0000FF0) -- CPU_ReadMem(16 bytes @ 0xE0000FE0)ROMTbl 0 [3]: FFF01000, CID: B105E00D, PID: 002BB001 ITM -- CPU_ReadMem(16 bytes @ 0xE00FF010) -- CPU_ReadMem(16 bytes @ 0xE0040FF0) -- CPU_ReadMem(16 bytes @ 0xE0040FE0)
ROMTbl 0 [4]: FFF41000, CID: B105900D, PID: 002BB923 TPIU-Lite
                JLINK_Reset() -- CPU_ReadMem(16 bytes @ 0x20000000) -- CPU_WriteMem(16 bytes @ 0x20000000) -- CPU_ReadMem(4 bytes @ 0xE000EDFC) -- CPU_WriteMem(4 bytes @ 0xE000EDFC) -- CPU_ReadMem(4 bytes @ 0xE0001000) -- CPU_WriteMem(4 bytes @ 0xE0001004) -- CPU_WriteMem(4 bytes @ 0xE000ED0C) -- CPU_ReadMem(4 bytes @ 0xE000EDF0) -- CPU_ReadMem(4 bytes @ 0xE000EDF0) -- CPU_WriteMem(4 bytes @ 0xE000EDFC) -- CPU_WriteMem(16 bytes @ 0x20000000) -- CPU_WriteMem(4 bytes @ 0xE0002000)
 -- CPU_ReadMem(4 bytes @ 0xE000EDFC) -- CPU_ReadMem(4 bytes @ 0xE0001000) (0036ms, 0036ms total)
                JLINK_Go() -- CPU_ReadMem(4 bytes @ 0xE0001000) -- CPU_WriteMem(4 bytes @ 0xE0001004) (0002ms, 0038ms total)
               (0066ms, 65839ms total)
T2374 8650:839 JLINK_ExecCommand("ProjectFile = D:\my documents\elektronika\ARM programi\diploma\DAQ\USB_DAQ\jlink.config", ...)  returns 0x00 (0000ms, 65839ms total)
T2374 8650:867 JLINK_ExecCommand("Device = AT91SAM3S4B", ...)Device "ATSAM3S4B" selected.  returns 0x00 (0000ms, 65839ms total)
T2374 8650:867 JLINK_TIF_Select(JLINKARM_TIF_JTAG)  returns 0x00 (0000ms, 65839ms total)
T2374 8650:867 JLINK_GetIdData(...) ScanLen=4 NumDevices=1 aId[0]=0x4BA00477 aIrRead[0]=0 aScanLen[0]=0 aScanRead[0]=0 (0000ms, 65839ms total)
T2374 8650:867 JLINK_ConfigJTAG(IRPre = 0, DRPre = 0) (0000ms, 65839ms total)
T2374 8650:867 JLINK_SetSpeed(4000) (0001ms, 65840ms total)
T2374 8650:868 JLINK_ResetPullsRESET(OFF) (0000ms, 65840ms total)
T2374 8650:868 JLINK_Connect() >0x2F8 JTAG>TotalIRLen = 4, IRPrint = 0x01 >0x30 JTAG> >0x210 JTAG> >0x70 JTAG> >0x40 JTAG> >0x40 JTAG> >0x40 JTAG> >0x48 JTAG> >0x78 JTAG> >0x40 JTAG> >0x30 JTAG> >0x40 JTAG> >0x40 JTAG> >0x30 JTAG> >0x40 JTAG> >0x48 JTAG>Found Cortex-M3 r2p0, Little endian. -- CPU_WriteMem(4 bytes @ 0xE0002000) -- CPU_ReadMem(4 bytes @ 0xE000EDF0) -- CPU_ReadMem(4 bytes @ 0xE0002000)FPUnit: 6 code (BP) slots and 2 literal slots -- CPU_ReadMem(4 bytes @ 0xE000EDFC)
 -- CPU_ReadMem(4 bytes @ 0xE0001000) -- CPU_WriteMem(4 bytes @ 0xE0001000) -- CPU_ReadMem(4 bytes @ 0xE000ED88) -- CPU_WriteMem(4 bytes @ 0xE000ED88) -- CPU_ReadMem(4 bytes @ 0xE000ED88) -- CPU_WriteMem(4 bytes @ 0xE000ED88)CoreSight components:ROMTbl 0 @ E00FF000 -- CPU_ReadMem(16 bytes @ 0xE00FF000) -- CPU_ReadMem(16 bytes @ 0xE000EFF0) -- CPU_ReadMem(16 bytes @ 0xE000EFE0)ROMTbl 0 [0]: FFF0F000, CID: B105E00D, PID: 002BB000 SCS -- CPU_ReadMem(16 bytes @ 0xE0001FF0)
 -- CPU_ReadMem(16 bytes @ 0xE0001FE0)ROMTbl 0 [1]: FFF02000, CID: B105E00D, PID: 002BB002 DWT -- CPU_ReadMem(16 bytes @ 0xE0002FF0) -- CPU_ReadMem(16 bytes @ 0xE0002FE0)ROMTbl 0 [2]: FFF03000, CID: B105E00D, PID: 002BB003 FPB -- CPU_ReadMem(16 bytes @ 0xE0000FF0) -- CPU_ReadMem(16 bytes @ 0xE0000FE0)ROMTbl 0 [3]: FFF01000, CID: B105E00D, PID: 002BB001 ITM -- CPU_ReadMem(16 bytes @ 0xE00FF010) -- CPU_ReadMem(16 bytes @ 0xE0040FF0) -- CPU_ReadMem(16 bytes @ 0xE0040FE0)
ROMTbl 0 [4]: FFF41000, CID: B105900D, PID: 002BB923 TPIU-Lite  returns 0x00 (0016ms, 65856ms total)
T2374 8650:884 JLINK_WriteMem(0xE0001020, 0x0004 Bytes, ...) - Data: 00 00 00 00 -- CPU is running -- CPU_WriteMem(4 bytes @ 0xE0001020)  returns 0x04 (0000ms, 65856ms total)
T2374 8650:884 JLINK_WriteMem(0xE0001024, 0x0004 Bytes, ...) - Data: 00 00 00 00 -- CPU is running -- CPU_WriteMem(4 bytes @ 0xE0001024)  returns 0x04 (0001ms, 65857ms total)
T2374 8650:885 JLINK_WriteMem(0xE0001028, 0x0004 Bytes, ...) - Data: 00 00 00 00 -- CPU is running -- CPU_WriteMem(4 bytes @ 0xE0001028)  returns 0x04 (0000ms, 65857ms total)
T2374 8650:885 JLINK_WriteMem(0xE0001030, 0x0004 Bytes, ...) - Data: 00 00 00 00 -- CPU is running -- CPU_WriteMem(4 bytes @ 0xE0001030)  returns 0x04 (0001ms, 65858ms total)
T2374 8650:886 JLINK_WriteMem(0xE0001034, 0x0004 Bytes, ...) - Data: 00 00 00 00 -- CPU is running -- CPU_WriteMem(4 bytes @ 0xE0001034)  returns 0x04 (0000ms, 65858ms total)
T2374 8650:886 JLINK_WriteMem(0xE0001038, 0x0004 Bytes, ...) - Data: 00 00 00 00 -- CPU is running -- CPU_WriteMem(4 bytes @ 0xE0001038)  returns 0x04 (0001ms, 65859ms total)
T2374 8650:887 JLINK_WriteMem(0xE0001040, 0x0004 Bytes, ...) - Data: 00 00 00 00 -- CPU is running -- CPU_WriteMem(4 bytes @ 0xE0001040)  returns 0x04 (0000ms, 65859ms total)
T2374 8650:887 JLINK_WriteMem(0xE0001044, 0x0004 Bytes, ...) - Data: 00 00 00 00 -- CPU is running -- CPU_WriteMem(4 bytes @ 0xE0001044)  returns 0x04 (0001ms, 65860ms total)
T2374 8650:888 JLINK_WriteMem(0xE0001048, 0x0004 Bytes, ...) - Data: 00 00 00 00 -- CPU is running -- CPU_WriteMem(4 bytes @ 0xE0001048)  returns 0x04 (0000ms, 65860ms total)
T2374 8650:888 JLINK_WriteMem(0xE0001050, 0x0004 Bytes, ...) - Data: 00 00 00 00 -- CPU is running -- CPU_WriteMem(4 bytes @ 0xE0001050)  returns 0x04 (0000ms, 65860ms total)
T2374 8650:888 JLINK_WriteMem(0xE0001054, 0x0004 Bytes, ...) - Data: 00 00 00 00 -- CPU is running -- CPU_WriteMem(4 bytes @ 0xE0001054)  returns 0x04 (0001ms, 65861ms total)
T2374 8650:889 JLINK_WriteMem(0xE0001058, 0x0004 Bytes, ...) - Data: 00 00 00 00 -- CPU is running -- CPU_WriteMem(4 bytes @ 0xE0001058)  returns 0x04 (0000ms, 65861ms total)
T2374 8650:889 JLINK_Halt()  returns 0x00 (0004ms, 65865ms total)
T2374 8650:893 JLINK_WriteMem(0x400E0A04, 0x0004 Bytes, ...) - Data: 0B 01 00 5A -- CPU_WriteMem(4 bytes @ 0x400E0A04)  returns 0x04 (0000ms, 65865ms total)
T2374 8650:893 JLINK_ReadMem (0x400E0A08, 0x0004 Bytes, ...) -- CPU_ReadMem(4 bytes @ 0x400E0A08) - Data: 01 00 00 00  returns 0x00 (0001ms, 65866ms total)
T2374 8650:894 JLINK_Reset() -- CPU_ReadMem(16 bytes @ 0x20000000) -- CPU_WriteMem(16 bytes @ 0x20000000) -- CPU_ReadMem(4 bytes @ 0xE000EDFC) -- CPU_WriteMem(4 bytes @ 0xE000EDFC) -- CPU_ReadMem(4 bytes @ 0xE0001000) -- CPU_WriteMem(4 bytes @ 0xE000ED0C) -- CPU_ReadMem(4 bytes @ 0xE000EDF0) -- CPU_ReadMem(4 bytes @ 0xE000EDF0) -- CPU_WriteMem(4 bytes @ 0xE000EDFC) -- CPU_WriteMem(16 bytes @ 0x20000000) -- CPU_WriteMem(4 bytes @ 0xE0002000) -- CPU_ReadMem(4 bytes @ 0xE000EDFC)
 -- CPU_ReadMem(4 bytes @ 0xE0001000) (0023ms, 65889ms total)
T2374 8650:917 JLINK_JTAG_GetDeviceID(DeviceIndex = 0)  returns 0x4BA00477 (0000ms, 65889ms total)
T2374 8650:917 JLINK_ReadMemU32(0x400E0740, 0x0001 Items, ...) -- CPU_ReadMem(4 bytes @ 0x400E0740) - Data: 60 09 90 28  returns 0x01 (0001ms, 65890ms total)
T2374 8650:919 JLINK_ReadMemHW(0x00408600, 0x0100 Bytes, ...) -- CPU_ReadMem(256 bytes @ 0x00408600) - Data: FF FF FF FF FF FF FF FF FF FF FF FF FF FF FF FF ...  returns 0x00 (0003ms, 65893ms total)
T2374 8650:922 JLINK_ReadMemHW(0x00409000, 0x0100 Bytes, ...) -- CPU_ReadMem(256 bytes @ 0x00409000) - Data: FF FF FF FF FF FF FF FF FF FF FF FF FF FF FF FF ...  returns 0x00 (0003ms, 65896ms total)
T2374 8650:930 JLINK_BeginDownload(Flags = 0x00) (0000ms, 65896ms total)
T2374 8650:930 JLINK_WriteMem(0x00400000, 0x0100 Bytes, ...) - Data: 18 2C 00 20 01 34 40 00 FD 33 40 00 FD 33 40 00 ...  returns 0x100 (0001ms, 65897ms total)
T2374 8650:931 JLINK_WriteMem(0x00400100, 0x0100 Bytes, ...) - Data: 00 80 06 48 03 68 13 B1 05 4B 03 B1 98 47 08 BD ...  returns 0x100 (0000ms, 65897ms total)
T2374 8650:931 JLINK_WriteMem(0x00400200, 0x0100 Bytes, ...) - Data: 83 F8 1D 23 4F F0 00 52 1A 60 40 F6 65 50 0E 4B ...  returns 0x100 (0000ms, 65897ms total)
T2374 8650:931 JLINK_WriteMem(0x00400300, 0x0100 Bytes, ...) - Data: 00 71 10 4B 98 47 23 68 4B B9 0C 4B 98 47 00 22 ...  returns 0x100 (0000ms, 65897ms total)
T2374 8650:931 JLINK_WriteMem(0x00400400, 0x0100 Bytes, ...) - Data: 4F F0 00 51 4F F4 00 52 12 4C A0 47 28 46 4F F0 ...  returns 0x100 (0000ms, 65897ms total)
T2374 8650:931 JLINK_WriteMem(0x00400500, 0x0100 Bytes, ...) - Data: 8C 4B 1B 78 00 2B 00 F0 DB 81 01 3B 89 4A 13 70 ...  returns 0x100 (0000ms, 65897ms total)
T2374 8650:931 JLINK_WriteMem(0x00400600, 0x0100 Bytes, ...) - Data: F2 D9 02 E0 00 20 00 E0 00 20 52 2C 26 D1 0D 2B ...  returns 0x100 (0000ms, 65897ms total)
T2374 8650:931 JLINK_WriteMem(0x00400700, 0x0100 Bytes, ...) - Data: 63 B1 02 9B 04 2B C4 BF 04 23 02 93 02 9A 0D 4B ...  returns 0x100 (0000ms, 65897ms total)
T2374 8650:931 JLINK_WriteMem(0x00400800, 0x0100 Bytes, ...) - Data: 03 E0 AB 42 0B D8 01 33 72 54 19 1A C9 B2 1A 78 ...  returns 0x100 (0000ms, 65897ms total)
T2374 8650:931 JLINK_WriteMem(0x00400900, 0x0100 Bytes, ...) - Data: 0C 84 40 00 2C 84 40 00 75 09 00 20 00 48 70 47 ...  returns 0x100 (0000ms, 65897ms total)
T2374 8650:931 JLINK_WriteMem(0x00400A00, 0x0100 Bytes, ...) - Data: 9D 1A 40 00 F1 1A 40 00 01 1B 40 00 02 3F 0F 20 ...  returns 0x100 (0000ms, 65897ms total)
T2374 8650:931 JLINK_WriteMem(0x00400B00, 0x0100 Bytes, ...) - Data: 01 20 70 47 00 20 70 47 00 20 70 47 00 20 70 47 ...  returns 0x100 (0000ms, 65897ms total)
T2374 8650:931 JLINK_WriteMem(0x00400C00, 0x0100 Bytes, ...) - Data: 20 B1 10 4B 98 47 0E 4B 18 80 07 E0 0E 4B 98 47 ...  returns 0x100 (0000ms, 65897ms total)
T2374 8650:931 JLINK_WriteMem(0x00400D00, 0x0100 Bytes, ...) - Data: 98 47 00 30 18 BF 01 20 08 BD 00 BF B9 0C 40 00 ...  returns 0x100 (0000ms, 65897ms total)
T2374 8650:931 JLINK_WriteMem(0x00400E00, 0x0100 Bytes, ...) - Data: 98 47 02 46 58 B1 07 4B 19 78 01 31 C9 B2 19 70 ...  returns 0x100 (0000ms, 65897ms total)
T2374 8650:931 JLINK_WriteMem(0x00400F00, 0x0100 Bytes, ...) - Data: 21 70 BF F3 5F 8F 62 B6 15 49 31 F8 12 10 99 42 ...  returns 0x100 (0000ms, 65897ms total)
T2374 8650:931 JLINK_WriteMem(0x00401000, 0x0100 Bytes, ...) - Data: 08 B5 03 4B 98 47 00 30 18 BF 01 20 08 BD 00 BF ...  returns 0x100 (0000ms, 65897ms total)
T2374 8650:931 JLINK_WriteMem(0x00401100, 0x0100 Bytes, ...) - Data: 40 04 A5 42 38 BF 2C 46 07 EB 86 13 0F 48 18 44 ...  returns 0x100 (0000ms, 65897ms total)
T2374 8650:931 JLINK_WriteMem(0x00401200, 0x0100 Bytes, ...) - Data: 13 60 01 20 0C E0 1A 78 13 44 A3 42 EE D3 08 4A ...  returns 0x100 (0000ms, 65897ms total)
T2374 8650:931 JLINK_WriteMem(0x00401300, 0x0100 Bytes, ...) - Data: ED 2C 40 00 70 B5 0D 4B 1B 78 83 B1 0C 4B 1B 68 ...  returns 0x100 (0000ms, 65897ms total)
T2374 8650:931 JLINK_WriteMem(0x00401400, 0x0100 Bytes, ...) - Data: 98 47 21 E0 D2 B2 5C 4B 1B 68 5B 7C 93 42 26 D9 ...  returns 0x100 (0000ms, 65897ms total)
T2374 8650:931 JLINK_WriteMem(0x00401500, 0x0100 Bytes, ...) - Data: 1C 4B 98 47 01 24 D9 E0 00 24 D7 E0 13 F0 1F 03 ...  returns 0x100 (0001ms, 65898ms total)
T2374 8650:932 JLINK_WriteMem(0x00401600, 0x0100 Bytes, ...) - Data: 1B 79 AB 42 F1 D8 59 E0 00 24 57 E0 00 24 55 E0 ...  returns 0x100 (0000ms, 65898ms total)
T2374 8650:932 JLINK_WriteMem(0x00401700, 0x0100 Bytes, ...) - Data: AB 68 98 47 04 46 00 28 38 D1 1E 4B 1B 78 03 F0 ...  returns 0x100 (0000ms, 65898ms total)
T2374 8650:932 JLINK_WriteMem(0x00401800, 0x0100 Bytes, ...) - Data: 19 43 41 60 70 47 00 BF 10 B4 44 68 22 43 09 06 ...  returns 0x100 (0000ms, 65898ms total)
T2374 8650:932 JLINK_WriteMem(0x00401900, 0x0100 Bytes, ...) - Data: 20 5F 32 D0 03 D8 B1 F1 00 5F 27 D0 2C E0 B1 F1 ...  returns 0x100 (0000ms, 65898ms total)
T2374 8650:932 JLINK_WriteMem(0x00401A00, 0x0100 Bytes, ...) - Data: 9D 19 40 00 E0 0A 00 20 F4 0B 00 20 D0 0A 00 20 ...  returns 0x100 (0000ms, 65898ms total)
T2374 8650:932 JLINK_WriteMem(0x00401B00, 0x0100 Bytes, ...) - Data: 4F F0 00 52 01 4B 9A 62 70 47 00 BF 00 04 0E 40 ...  returns 0x100 (0000ms, 65898ms total)
T2374 8650:932 JLINK_WriteMem(0x00401C00, 0x0100 Bytes, ...) - Data: 80 22 01 4B 1A 60 70 47 00 04 0E 40 03 4B 1A 6F ...  returns 0x100 (0000ms, 65898ms total)
T2374 8650:932 JLINK_WriteMem(0x00401D00, 0x0100 Bytes, ...) - Data: 82 B0 05 22 0E 4B 1A 70 0E 4B 1A 6B 00 92 00 9A ...  returns 0x100 (0000ms, 65898ms total)
T2374 8650:932 JLINK_WriteMem(0x00401E00, 0x0100 Bytes, ...) - Data: 13 80 63 4A D2 88 9A 42 02 D0 63 4B 1B 78 EB B1 ...  returns 0x100 (0000ms, 65898ms total)
T2374 8650:932 JLINK_WriteMem(0x00401F00, 0x0100 Bytes, ...) - Data: 22 4B 1C 80 1E 4B 1A 6B 06 92 06 9A 42 F0 4F 02 ...  returns 0x100 (0000ms, 65898ms total)
T2374 8650:932 JLINK_WriteMem(0x00402000, 0x0100 Bytes, ...) - Data: 0E D0 19 6B 11 F0 02 0F 04 D0 51 7C 6F F3 83 01 ...  returns 0x100 (0000ms, 65898ms total)
T2374 8650:932 JLINK_WriteMem(0x00402100, 0x0100 Bytes, ...) - Data: 4F F0 00 08 4F F0 01 08 4B 44 F3 60 B9 F1 07 0F ...  returns 0x100 (0000ms, 65898ms total)
T2374 8650:932 JLINK_WriteMem(0x00402200, 0x0100 Bytes, ...) - Data: 70 47 00 BF 48 0B 00 20 00 40 03 40 2D E9 F0 47 ...  returns 0x100 (0000ms, 65898ms total)
T2374 8650:932 JLINK_WriteMem(0x00402300, 0x0100 Bytes, ...) - Data: 13 2B 06 D8 00 BF 05 9B 01 33 05 93 05 9B 13 2B ...  returns 0x100 (0000ms, 65898ms total)
T2374 8650:932 JLINK_WriteMem(0x00402400, 0x0100 Bytes, ...) - Data: 98 47 00 F0 2B BC 18 4B 1B 6B 13 F0 02 0F 00 F0 ...  returns 0x100 (0000ms, 65898ms total)
T2374 8650:932 JLINK_WriteMem(0x00402500, 0x0100 Bytes, ...) - Data: E0 B9 7D 4B 98 47 78 4B 1A 6B 0E 92 0E 9A 42 F0 ...  returns 0x100 (0000ms, 65898ms total)
T2374 8650:932 JLINK_WriteMem(0x00402600, 0x0100 Bytes, ...) - Data: 11 88 01 44 11 80 00 22 1A 80 37 4B 1A 6B 16 92 ...  returns 0x100 (0000ms, 65898ms total)
T2374 8650:932 JLINK_WriteMem(0x00402700, 0x0100 Bytes, ...) - Data: 48 0B 00 20 22 6D C2 54 01 33 8B 42 FA D3 40 46 ...  returns 0x100 (0000ms, 65898ms total)
T2374 8650:932 JLINK_WriteMem(0x00402800, 0x0100 Bytes, ...) - Data: 1D 9B 01 33 1D 93 1D 9B 13 2B F8 D9 13 6B 1E 93 ...  returns 0x100 (0000ms, 65898ms total)
T2374 8650:932 JLINK_WriteMem(0x00402900, 0x0100 Bytes, ...) - Data: 22 93 22 9B 43 F0 4F 03 22 93 22 9B 43 F0 10 03 ...  returns 0x100 (0000ms, 65898ms total)
T2374 8650:932 JLINK_WriteMem(0x00402A00, 0x0100 Bytes, ...) - Data: 42 F0 4F 02 28 92 28 9A 22 F0 01 02 28 92 28 9A ...  returns 0x100 (0000ms, 65898ms total)
T2374 8650:932 JLINK_WriteMem(0x00402B00, 0x0100 Bytes, ...) - Data: 00 52 1A 61 4F F4 00 72 1A 61 4F F4 80 62 1A 61 ...  returns 0x100 (0000ms, 65898ms total)
T2374 8650:932 JLINK_WriteMem(0x00402C00, 0x0100 Bytes, ...) - Data: 00 21 1B 4A 11 70 01 21 16 4A 11 61 23 B9 18 4B ...  returns 0x100 (0000ms, 65898ms total)
T2374 8650:932 JLINK_WriteMem(0x00402D00, 0x0100 Bytes, ...) - Data: 20 4B 98 47 20 4B 98 47 20 4B 50 22 83 F8 22 23 ...  returns 0x100 (0000ms, 65898ms total)
T2374 8650:932 JLINK_WriteMem(0x00402E00, 0x0100 Bytes, ...) - Data: C0 F3 0A 00 70 47 00 BF 00 40 03 40 00 20 70 47 ...  returns 0x100 (0000ms, 65898ms total)
T2374 8650:932 JLINK_WriteMem(0x00402F00, 0x0100 Bytes, ...) - Data: 06 E0 00 20 04 E0 00 20 02 E0 01 20 00 E0 01 20 ...  returns 0x100 (0000ms, 65898ms total)
T2374 8650:932 JLINK_WriteMem(0x00403000, 0x0100 Bytes, ...) - Data: 1C 4B 18 70 BF F3 5F 8F 62 B6 2E E0 93 00 03 F1 ...  returns 0x100 (0000ms, 65898ms total)
T2374 8650:932 JLINK_WriteMem(0x00403100, 0x0100 Bytes, ...) - Data: 4F 03 02 93 02 9B 23 F0 08 03 02 93 02 9B 13 63 ...  returns 0x100 (0000ms, 65898ms total)
T2374 8650:932 JLINK_WriteMem(0x00403200, 0x0100 Bytes, ...) - Data: 5F 8F 62 B6 72 60 B3 60 00 22 F2 60 08 9A 4C F8 ...  returns 0x100 (0001ms, 65899ms total)
T2374 8650:933 JLINK_WriteMem(0x00403300, 0x0100 Bytes, ...) - Data: 03 F5 40 33 1A 6B 12 F0 10 0F 2A D0 8C B1 03 2C ...  returns 0x100 (0000ms, 65899ms total)
T2374 8650:933 JLINK_WriteMem(0x00403400, 0x0100 Bytes, ...) - Data: 10 B5 1E 4B 1E 4A 9A 42 03 D0 1E 4B 1B 4A 9A 42 ...  returns 0x100 (0000ms, 65899ms total)
T2374 8650:933 JLINK_WriteMem(0x00403500, 0x0100 Bytes, ...) - Data: 20 2B 04 D0 38 E0 2D 4A 29 4B 1A 60 34 E0 29 4A ...  returns 0x100 (0000ms, 65899ms total)
T2374 8650:933 JLINK_WriteMem(0x00403600, 0x0100 Bytes, ...) - Data: 7F C3 C9 01 7F F9 37 03 09 4B 1B 68 13 B9 09 4A ...  returns 0x100 (0000ms, 65899ms total)
T2374 8650:933 JLINK_WriteMem(0x00403700, 0x0100 Bytes, ...) - Data: 03 03 49 D1 40 3A 23 D3 0B 68 03 60 4B 68 43 60 ...  returns 0x100 (0000ms, 65899ms total)
T2374 8650:933 JLINK_WriteMem(0x00403800, 0x0100 Bytes, ...) - Data: 01 5B 9A 07 F7 D1 03 2C 2A D9 CD B2 45 EA 05 25 ...  returns 0x100 (0000ms, 65899ms total)
T2374 8650:933 JLINK_WriteMem(0x00403900, 0x0100 Bytes, ...) - Data: 04 BF 51 F8 04 3B 04 30 F4 D0 13 F0 FF 0F 1F BF ...  returns 0x100 (0000ms, 65899ms total)
T2374 8650:933 JLINK_WriteMem(0x00403A00, 0x0100 Bytes, ...) - Data: 57 26 37 26 AD 1B AB 42 E5 DC 7B 1C 15 D0 BA F1 ...  returns 0x100 (0000ms, 65899ms total)
T2374 8650:933 JLINK_WriteMem(0x00403B00, 0x0100 Bytes, ...) - Data: 01 E0 25 2B 04 D0 13 78 14 46 01 32 00 2B F8 D1 ...  returns 0x100 (0000ms, 65899ms total)
T2374 8650:933 JLINK_WriteMem(0x00403C00, 0x0100 Bytes, ...) - Data: C3 03 08 03 C3 03 C5 02 7C 00 20 03 A3 03 C3 03 ...  returns 0x100 (0000ms, 65899ms total)
T2374 8650:933 JLINK_WriteMem(0x00403D00, 0x0100 Bytes, ...) - Data: 98 BF 00 21 01 F2 6B 80 10 F8 01 8B 01 EB 81 01 ...  returns 0x100 (0000ms, 65899ms total)
T2374 8650:933 JLINK_WriteMem(0x00403E00, 0x0100 Bytes, ...) - Data: CC EB 05 0B BB F1 00 0F 40 F3 87 82 BB F1 10 0F ...  returns 0x100 (0000ms, 65899ms total)
T2374 8650:933 JLINK_WriteMem(0x00403F00, 0x0100 Bytes, ...) - Data: 61 46 0D 9C 0C 9D 06 E0 AA F1 10 0A BA F1 10 0F ...  returns 0x100 (0000ms, 65899ms total)
T2374 8650:933 JLINK_WriteMem(0x00404000, 0x0100 Bytes, ...) - Data: 2C 93 C6 F8 00 A0 74 60 09 DD 0D 98 0C 99 2B AA ...  returns 0x100 (0000ms, 65899ms total)
T2374 8650:933 JLINK_WriteMem(0x00404100, 0x0100 Bytes, ...) - Data: 00 F0 40 84 10 9C 21 68 0E 9C E5 17 2B 46 10 9D ...  returns 0x100 (0000ms, 65899ms total)
T2374 8650:933 JLINK_WriteMem(0x00404200, 0x0100 Bytes, ...) - Data: A5 06 3F F5 4E AF DD F8 24 C0 1C F0 10 0F 40 F0 ...  returns 0x100 (0000ms, 65899ms total)
T2374 8650:933 JLINK_WriteMem(0x00404300, 0x0100 Bytes, ...) - Data: 01 0C 9A 46 CD F8 2C C0 8D F8 B8 80 8D F8 8F 30 ...  returns 0x100 (0000ms, 65899ms total)
T2374 8650:933 JLINK_WriteMem(0x00404400, 0x0100 Bytes, ...) - Data: 7F F5 C0 AD 2C 9B 18 9C 01 33 15 9D A4 44 07 2B ...  returns 0x100 (0000ms, 65899ms total)
T2374 8650:933 JLINK_WriteMem(0x00404500, 0x0100 Bytes, ...) - Data: 08 BF 0A 2C 80 F0 38 81 30 34 48 AF 07 F8 41 4D ...  returns 0x100 (0000ms, 65899ms total)
T2374 8650:933 JLINK_WriteMem(0x00404600, 0x0100 Bytes, ...) - Data: 2B AA 02 F0 2F FE 00 28 7F F4 62 AB DD F8 B4 C0 ...  returns 0x100 (0000ms, 65899ms total)
T2374 8650:933 JLINK_WriteMem(0x00404700, 0x0100 Bytes, ...) - Data: 08 06 15 DD 01 34 10 33 07 2C 2D 93 2C 94 86 E8 ...  returns 0x100 (0000ms, 65899ms total)
T2374 8650:933 JLINK_WriteMem(0x00404800, 0x0100 Bytes, ...) - Data: 2B AA 02 F0 2F FD 00 28 7F F4 62 AA DD F8 B4 C0 ...  returns 0x100 (0000ms, 65899ms total)
T2374 8650:933 JLINK_WriteMem(0x00404900, 0x0100 Bytes, ...) - Data: 0C 99 2B AA 02 F0 AE FC 00 28 7F F4 E1 A9 DD F8 ...  returns 0x100 (0000ms, 65899ms total)
T2374 8650:933 JLINK_WriteMem(0x00404A00, 0x0100 Bytes, ...) - Data: 08 36 1C 46 2C B9 11 9D 1D B9 09 9D E8 07 7F F5 ...  returns 0x100 (0000ms, 65899ms total)
T2374 8650:933 JLINK_WriteMem(0x00404B00, 0x0100 Bytes, ...) - Data: BA F1 45 0F 0A BF 0A 9C 0A 9D 65 1C 02 20 25 A9 ...  returns 0x100 (0000ms, 65899ms total)
T2374 8650:933 JLINK_WriteMem(0x00404C00, 0x0100 Bytes, ...) - Data: DD F8 B4 C0 38 AE FD E6 06 24 0A 94 5F E7 10 9D ...  returns 0x100 (0000ms, 65899ms total)
T2374 8650:933 JLINK_WriteMem(0x00404D00, 0x0100 Bytes, ...) - Data: A5 E5 0A 9C BA 46 06 2C 28 BF 06 24 24 EA E4 7C ...  returns 0x100 (0000ms, 65899ms total)
T2374 8650:933 JLINK_WriteMem(0x00404E00, 0x0100 Bytes, ...) - Data: 16 E6 14 9C 11 9D 00 2C D4 BF C4 F1 02 04 01 24 ...  returns 0x100 (0000ms, 65899ms total)
T2374 8650:933 JLINK_WriteMem(0x00404F00, 0x0100 Bytes, ...) - Data: 2C 44 24 E6 14 9D 4F F0 67 08 6C 1C 24 EA E4 73 ...  returns 0x100 (0000ms, 65899ms total)
T2374 8650:934 JLINK_WriteMem(0x00405000, 0x0100 Bytes, ...) - Data: 8E FE CE EB 00 0E 8F B2 B0 B2 77 44 C0 EB 11 40 ...  returns 0x100 (0000ms, 65899ms total)
T2374 8650:934 JLINK_WriteMem(0x00405100, 0x0100 Bytes, ...) - Data: D9 46 33 DB 00 23 2B 60 A5 4B 1A 46 09 EA 03 03 ...  returns 0x100 (0000ms, 65899ms total)
T2374 8650:934 JLINK_WriteMem(0x00405200, 0x0100 Bytes, ...) - Data: 02 F0 3A F9 06 46 0F 46 02 F0 82 FD 39 46 07 90 ...  returns 0x100 (0000ms, 65899ms total)
T2374 8650:934 JLINK_WriteMem(0x00405300, 0x0100 Bytes, ...) - Data: 2B 4B 03 EB C6 03 D3 E9 00 01 CD E9 04 01 25 99 ...  returns 0x100 (0000ms, 65899ms total)
T2374 8650:934 JLINK_WriteMem(0x00405400, 0x0100 Bytes, ...) - Data: 05 F1 30 0E C1 45 09 F8 01 EC 4C 46 06 46 0F 46 ...  returns 0x100 (0000ms, 65899ms total)
T2374 8650:934 JLINK_WriteMem(0x00405500, 0x0100 Bytes, ...) - Data: 00 2B 00 F0 58 83 00 2F 11 DD 31 46 3A 46 20 46 ...  returns 0x100 (0000ms, 65899ms total)
T2374 8650:934 JLINK_WriteMem(0x00405600, 0x0100 Bytes, ...) - Data: B9 F1 01 0F AC BF CB 44 0B F1 01 0B 00 25 0A 99 ...  returns 0x100 (0000ms, 65899ms total)
T2374 8650:934 JLINK_WriteMem(0x00405700, 0x0100 Bytes, ...) - Data: 0B 95 DD F8 28 90 45 1C 0A E0 01 F0 B7 F8 39 46 ...  returns 0x100 (0000ms, 65899ms total)
T2374 8650:934 JLINK_WriteMem(0x00405800, 0x0100 Bytes, ...) - Data: 02 F1 01 02 F7 D9 61 64 20 46 01 F0 07 F8 0E 2E ...  returns 0x100 (0000ms, 65899ms total)
T2374 8650:934 JLINK_WriteMem(0x00405900, 0x0100 Bytes, ...) - Data: 01 F0 06 FF 02 46 0B 46 50 46 59 46 01 F0 B2 FD ...  returns 0x100 (0000ms, 65899ms total)
T2374 8650:934 JLINK_WriteMem(0x00405A00, 0x0100 Bytes, ...) - Data: 0B 96 25 98 00 28 3C DD 06 46 0F 90 81 46 EC E6 ...  returns 0x100 (0000ms, 65899ms total)
T2374 8650:934 JLINK_WriteMem(0x00405B00, 0x0100 Bytes, ...) - Data: 08 9A 06 9B 01 32 01 33 08 92 06 93 01 27 27 E5 ...  returns 0x100 (0000ms, 65899ms total)
T2374 8650:934 JLINK_WriteMem(0x00405C00, 0x0100 Bytes, ...) - Data: 01 F0 28 F8 00 28 40 F3 5D 81 BA F1 39 0F 00 F0 ...  returns 0x100 (0000ms, 65899ms total)
T2374 8650:934 JLINK_WriteMem(0x00405D00, 0x0100 Bytes, ...) - Data: 35 46 06 9E 06 F1 01 0B 3E 46 9C E4 35 46 CD F8 ...  returns 0x100 (0000ms, 65899ms total)
T2374 8650:934 JLINK_WriteMem(0x00405E00, 0x0100 Bytes, ...) - Data: AE AE 0F 9E 00 2E 7F F7 28 AF 00 22 3D 4B 50 46 ...  returns 0x100 (0000ms, 65899ms total)
T2374 8650:934 JLINK_WriteMem(0x00405F00, 0x0100 Bytes, ...) - Data: 98 86 40 00 00 00 24 40 00 00 E0 3F 00 00 1C 40 ...  returns 0x100 (0000ms, 65899ms total)
T2374 8650:934 JLINK_WriteMem(0x00406000, 0x0100 Bytes, ...) - Data: 08 00 57 68 90 42 27 F0 03 07 68 D0 11 F0 01 01 ...  returns 0x100 (0000ms, 65899ms total)
T2374 8650:934 JLINK_WriteMem(0x00406100, 0x0100 Bytes, ...) - Data: CC F8 08 40 B4 D3 1A 4B 30 46 19 68 FF F7 18 FF ...  returns 0x100 (0000ms, 65899ms total)
T2374 8650:934 JLINK_WriteMem(0x00406200, 0x0100 Bytes, ...) - Data: 4F EA 95 1C 0C F1 38 0C 4F EA 4C 01 A6 4F 07 EB ...  returns 0x100 (0000ms, 65899ms total)
T2374 8650:934 JLINK_WriteMem(0x00406300, 0x0100 Bytes, ...) - Data: 04 80 AA 50 00 F0 88 FA 64 E7 7E 21 4F F0 3F 0C ...  returns 0x100 (0000ms, 65899ms total)
T2374 8650:934 JLINK_WriteMem(0x00406400, 0x0100 Bytes, ...) - Data: 00 F0 35 81 C8 EB 00 02 52 44 42 F0 01 02 DC F8 ...  returns 0x100 (0000ms, 65899ms total)
T2374 8650:934 JLINK_WriteMem(0x00406500, 0x0100 Bytes, ...) - Data: 22 F0 03 02 91 42 02 D2 9B 68 98 42 F7 D1 D9 68 ...  returns 0x100 (0000ms, 65899ms total)
T2374 8650:934 JLINK_WriteMem(0x00406600, 0x0100 Bytes, ...) - Data: 4F F4 80 53 EE E6 01 23 C8 F8 04 30 44 46 00 22 ...  returns 0x100 (0000ms, 65899ms total)
T2374 8650:934 JLINK_WriteMem(0x00406700, 0x0100 Bytes, ...) - Data: 10 46 03 F1 01 03 02 F1 01 02 F5 D1 00 20 70 BC ...  returns 0x100 (0000ms, 65899ms total)
T2374 8650:934 JLINK_WriteMem(0x00406800, 0x0100 Bytes, ...) - Data: 00 2A F3 D1 B2 E7 03 46 F0 E7 62 46 00 2A ED D1 ...  returns 0x100 (0000ms, 65899ms total)
T2374 8650:934 JLINK_WriteMem(0x00406900, 0x0100 Bytes, ...) - Data: 21 00 C8 F8 00 00 42 F8 21 80 A0 46 D7 E7 00 BF ...  returns 0x100 (0000ms, 65899ms total)
T2374 8650:934 JLINK_WriteMem(0x00406A00, 0x0100 Bytes, ...) - Data: 00 20 43 F8 04 0B 98 45 FB D8 0A F1 14 0C 0C EB ...  returns 0x100 (0000ms, 65899ms total)
T2374 8650:934 JLINK_WriteMem(0x00406B00, 0x0100 Bytes, ...) - Data: 2D E9 F0 41 14 46 07 46 0E 46 2C D1 A4 10 1C D0 ...  returns 0x100 (0000ms, 65899ms total)
T2374 8650:934 JLINK_WriteMem(0x00406C00, 0x0100 Bytes, ...) - Data: 19 68 25 46 01 FA 0B F1 0A 43 45 F8 04 2B 53 F8 ...  returns 0x100 (0000ms, 65899ms total)
T2374 8650:934 JLINK_WriteMem(0x00406D00, 0x0100 Bytes, ...) - Data: B0 45 43 F8 04 2B 4F EA 21 41 2C 46 E5 D8 AC 45 ...  returns 0x100 (0001ms, 65900ms total)
T2374 8650:935 JLINK_WriteMem(0x00406E00, 0x0100 Bytes, ...) - Data: 09 EB 00 03 3B 60 0B 9B C0 F1 35 00 18 60 40 46 ...  returns 0x100 (0000ms, 65900ms total)
T2374 8650:935 JLINK_WriteMem(0x00406F00, 0x0100 Bytes, ...) - Data: C9 F8 00 30 03 B0 BD E8 F0 8F A0 46 AA 1B 0F 2A ...  returns 0x100 (0000ms, 65900ms total)
T2374 8650:935 JLINK_WriteMem(0x00407000, 0x0100 Bytes, ...) - Data: 0C 10 00 F2 B2 80 08 34 0A F1 10 02 21 68 1D 46 ...  returns 0x100 (0000ms, 65900ms total)
T2374 8650:935 JLINK_WriteMem(0x00407100, 0x0100 Bytes, ...) - Data: 00 F1 10 03 04 F1 10 02 4A E7 50 F8 04 2C A0 46 ...  returns 0x100 (0000ms, 65900ms total)
T2374 8650:935 JLINK_WriteMem(0x00407200, 0x0100 Bytes, ...) - Data: 0A D8 04 20 5D F8 04 4B 70 47 00 28 0C BF 02 20 ...  returns 0x100 (0000ms, 65900ms total)
T2374 8650:935 JLINK_WriteMem(0x00407300, 0x0100 Bytes, ...) - Data: 48 44 14 1B AB 60 28 60 CA F8 08 40 24 B3 D6 F8 ...  returns 0x100 (0000ms, 65900ms total)
T2374 8650:935 JLINK_WriteMem(0x00407400, 0x0100 Bytes, ...) - Data: B9 E7 00 BF 44 84 40 00 00 00 00 00 10 B5 02 FB ...  returns 0x100 (0000ms, 65900ms total)
T2374 8650:935 JLINK_WriteMem(0x00407500, 0x0100 Bytes, ...) - Data: 00 F0 A7 80 A4 F1 01 04 D5 F1 20 0E 0D DB 02 FA ...  returns 0x100 (0000ms, 65900ms total)
T2374 8650:935 JLINK_WriteMem(0x00407600, 0x0100 Bytes, ...) - Data: 01 EB 04 51 29 43 30 BD 6F EA 04 04 1F 3C 1C DA ...  returns 0x100 (0000ms, 65900ms total)
T2374 8650:937 JLINK_WriteMem(0x00407700, 0x0100 Bytes, ...) - Data: 04 F1 32 04 4F F0 00 05 4F F0 00 01 50 E7 00 BF ...  returns 0x100 (0000ms, 65900ms total)
T2374 8650:938 JLINK_WriteMem(0x00407800, 0x0100 Bytes, ...) - Data: 03 06 21 EA 4C 51 23 EA 4C 53 50 EA 01 35 18 BF ...  returns 0x100 (0000ms, 65900ms total)
T2374 8650:938 JLINK_WriteMem(0x00407900, 0x0100 Bytes, ...) - Data: 42 EB 06 01 5E EA 43 0E 08 BF 20 EA D3 70 70 BD ...  returns 0x100 (0000ms, 65900ms total)
T2374 8650:938 JLINK_WriteMem(0x00407A00, 0x0100 Bytes, ...) - Data: 0C 0F 05 D1 52 EA 03 36 1C BF 10 46 19 46 0A D1 ...  returns 0x100 (0000ms, 65900ms total)
T2374 8650:938 JLINK_WriteMem(0x00407B00, 0x0100 Bytes, ...) - Data: 03 0E 22 BF B6 1A 75 46 40 EA DC 00 55 EA 06 0E ...  returns 0x100 (0000ms, 65900ms total)
T2374 8650:938 JLINK_WriteMem(0x00407C00, 0x0100 Bytes, ...) - Data: 4F F0 FF 3C 06 E0 00 BF 4F F0 01 0C 02 E0 00 BF ...  returns 0x100 (0000ms, 65900ms total)
T2374 8650:938 JLINK_WriteMem(0x00407D00, 0x0100 Bytes, ...) - Data: FF F7 C4 FF 34 BF 01 20 00 20 5D F8 08 FB 00 BF ...  returns 0x100 (0000ms, 65900ms total)
T2374 8650:938 JLINK_WriteMem(0x00407E00, 0x0100 Bytes, ...) - Data: 98 80 15 46 06 46 0F 46 00 2B 3F D1 8A 42 58 D9 ...  returns 0x100 (0000ms, 65900ms total)
T2374 8650:938 JLINK_WriteMem(0x00407F00, 0x0100 Bytes, ...) - Data: C4 80 41 46 BF 1A B7 FB F0 F2 00 FB 12 70 0C FB ...  returns 0x100 (0000ms, 65900ms total)
T2374 8650:938 JLINK_WriteMem(0x00408000, 0x0100 Bytes, ...) - Data: 08 D9 13 EB 0C 03 01 F1 FF 32 35 D2 9B 45 33 D9 ...  returns 0x100 (0000ms, 65900ms total)
T2374 8650:938 JLINK_WriteMem(0x00408100, 0x0100 Bytes, ...) - Data: 88 42 08 D9 09 19 03 F1 FF 36 80 F0 E9 80 88 42 ...  returns 0x100 (0000ms, 65900ms total)
T2374 8650:938 JLINK_WriteMem(0x00408200, 0x0100 Bytes, ...) - Data: 45 EA 0B 0B 4F EA 1B 45 45 EA 03 43 9A 45 02 FA ...  returns 0x100 (0000ms, 65900ms total)
T2374 8650:938 JLINK_WriteMem(0x00408300, 0x0100 Bytes, ...) - Data: AC F1 02 0C 23 44 8A E7 B9 45 9A D9 02 3D 27 44 ...  returns 0x100 (0000ms, 65900ms total)
T2374 8650:938 JLINK_WriteMem(0x00408400, 0x0100 Bytes, ...) - Data: 20 74 6F 3A 20 00 00 00 25 75 20 00 44 41 43 20 ...  returns 0x100 (0000ms, 65900ms total)
T2374 8650:938 JLINK_WriteMem(0x00408500, 0x0100 Bytes, ...) - Data: 01 01 01 01 01 01 01 01 10 10 10 10 10 10 42 42 ...  returns 0x100 (0000ms, 65900ms total)
T2374 8650:938 JLINK_WriteMem(0x00408600, 0x0100 Bytes, ...) - Data: 00 00 00 00 80 84 2E 41 00 00 00 00 D0 12 63 41 ...  returns 0x100 (0000ms, 65900ms total)
T2374 8650:938 JLINK_WriteMem(0x00408700, 0x0100 Bytes, ...) - Data: 70 47 00 BF C9 0D 40 00 7D 0A 40 00 99 0A 40 00 ...  returns 0x100 (0000ms, 65900ms total)
T2374 8650:938 JLINK_WriteMem(0x00408800, 0x0100 Bytes, ...) - Data: 00 00 00 00 00 00 00 00 00 00 00 00 00 00 00 00 ...  returns 0x100 (0000ms, 65900ms total)
T2374 8650:938 JLINK_WriteMem(0x00408900, 0x0100 Bytes, ...) - Data: 00 00 00 00 00 00 00 00 00 00 00 00 00 00 00 00 ...  returns 0x100 (0001ms, 65901ms total)
T2374 8650:939 JLINK_WriteMem(0x00408A00, 0x0100 Bytes, ...) - Data: 00 00 00 00 00 00 00 00 00 00 00 00 00 00 00 00 ...  returns 0x100 (0000ms, 65901ms total)
T2374 8650:939 JLINK_WriteMem(0x00408B00, 0x0100 Bytes, ...) - Data: 00 00 00 00 00 00 00 00 00 00 00 00 00 00 00 00 ...  returns 0x100 (0000ms, 65901ms total)
T2374 8650:939 JLINK_WriteMem(0x00408C00, 0x0100 Bytes, ...) - Data: 8C 83 40 00 8C 83 40 00 FF FF FF FF FF FF FF FF ...  returns 0x100 (0000ms, 65901ms total)
T2374 8650:939 JLINK_WriteMem(0x00408D00, 0x0100 Bytes, ...) - Data: 00 06 00 20 00 06 00 20 08 06 00 20 08 06 00 20 ...  returns 0x100 (0000ms, 65901ms total)
T2374 8650:939 JLINK_WriteMem(0x00408E00, 0x0100 Bytes, ...) - Data: 00 07 00 20 00 07 00 20 08 07 00 20 08 07 00 20 ...  returns 0x100 (0000ms, 65901ms total)
T2374 8650:939 JLINK_WriteMem(0x00408F00, 0x0100 Bytes, ...) - Data: 00 08 00 20 00 08 00 20 08 08 00 20 08 08 00 20 ...  returns 0x100 (0000ms, 65901ms total)
T2374 8650:939 JLINK_WriteMem(0x00409000, 0x0100 Bytes, ...) - Data: 00 09 00 20 00 09 00 20 08 09 00 20 08 09 00 20 ...  returns 0x100 (0000ms, 65901ms total)
T0D68 8651:017 JLINK_IsHalted()  returns TRUE (0000ms, 65901ms total)
T0D68 8651:017 JLINK_GetMOEs(...) -- CPU_ReadMem(4 bytes @ 0xE000ED30) -- CPU_WriteMem(4 bytes @ 0xE000ED30)  returns 0x01 (0000ms, 65901ms total)
T0D68 8651:017 JLINK_ReadReg(R15 (PC)) -- -------------------------------------- -- Start of determining dirty areas in flash cache -- End of determining dirty areas -- Start of preparing flash programming -- Calculating RAM usage -- RAM usage = 3708 Bytes -- Preserving registers -- Preparing memory -- Determining CPU clock frequency -- CPU clock frequency: 3663 kHz -- CPU frequency = 3663 kHz -- Preparing target -- Downloading RAMCode -- Using alternate TurboMode RAMCode -- Checking target RAM
 -- Preparing RAMCode -- End of preparing flash programmingCPU is running at low speed (3663 kHz). -- CPU is running at 3663 kHz. -- Start of comparing flash -- Read back was estimated as fastest method -- Comparing range 0x400000 - 0x407FFF (128 Sectors, 32 KB), using multi-block CRC calculation -- CPU is running -- CPU_ReadMem(256 bytes @ 0x00400000) -- CPU is running -- CPU_ReadMem(256 bytes @ 0x00400100) -- CPU is running -- CPU_ReadMem(256 bytes @ 0x00400200) -- CPU is running
 -- CPU_ReadMem(256 bytes @ 0x00400300) -- CPU is running -- CPU_ReadMem(256 bytes @ 0x00400400) -- CPU is running -- CPU_ReadMem(256 bytes @ 0x00400500) -- CPU is running -- CPU_ReadMem(256 bytes @ 0x00400600) -- CPU is running -- CPU_ReadMem(256 bytes @ 0x00400700) -- CPU is running -- CPU_ReadMem(256 bytes @ 0x00400800) -- CPU is running -- CPU_ReadMem(256 bytes @ 0x00400900) -- CPU is running -- CPU_ReadMem(256 bytes @ 0x00400A00) -- CPU is running -- CPU_ReadMem(256 bytes @ 0x00400B00)
 -- CPU is running -- CPU_ReadMem(256 bytes @ 0x00400C00) -- CPU is running -- CPU_ReadMem(256 bytes @ 0x00400D00) -- CPU is running -- CPU_ReadMem(256 bytes @ 0x00400E00) -- CPU is running -- CPU_ReadMem(256 bytes @ 0x00400F00) -- CPU is running -- CPU_ReadMem(256 bytes @ 0x00401000) -- CPU is running -- CPU_ReadMem(256 bytes @ 0x00401100) -- CPU is running -- CPU_ReadMem(256 bytes @ 0x00401200) -- CPU is running -- CPU_ReadMem(256 bytes @ 0x00401300) -- CPU is running
 -- CPU_ReadMem(256 bytes @ 0x00401400) -- CPU is running -- CPU_ReadMem(256 bytes @ 0x00401500) -- CPU is running -- CPU_ReadMem(256 bytes @ 0x00401600) -- CPU is running -- CPU_ReadMem(256 bytes @ 0x00401700) -- CPU is running -- CPU_ReadMem(256 bytes @ 0x00401800) -- CPU is running -- CPU_ReadMem(256 bytes @ 0x00401900) -- CPU is running -- CPU_ReadMem(256 bytes @ 0x00401A00) -- CPU is running -- CPU_ReadMem(256 bytes @ 0x00401B00) -- CPU is running -- CPU_ReadMem(256 bytes @ 0x00401C00)
 -- CPU is running -- CPU_ReadMem(256 bytes @ 0x00401D00) -- CPU is running -- CPU_ReadMem(256 bytes @ 0x00401E00) -- CPU is running -- CPU_ReadMem(256 bytes @ 0x00401F00) -- CPU is running -- CPU_ReadMem(256 bytes @ 0x00402000) -- CPU is running -- CPU_ReadMem(256 bytes @ 0x00402100) -- CPU is running -- CPU_ReadMem(256 bytes @ 0x00402200) -- CPU is running -- CPU_ReadMem(256 bytes @ 0x00402300) -- CPU is running -- CPU_ReadMem(256 bytes @ 0x00402400) -- CPU is running
 -- CPU_ReadMem(256 bytes @ 0x00402500) -- CPU is running -- CPU_ReadMem(256 bytes @ 0x00402600) -- CPU is running -- CPU_ReadMem(256 bytes @ 0x00402700) -- CPU is running -- CPU_ReadMem(256 bytes @ 0x00402800) -- CPU is running -- CPU_ReadMem(256 bytes @ 0x00402900) -- CPU is running -- CPU_ReadMem(256 bytes @ 0x00402A00) -- CPU is running -- CPU_ReadMem(256 bytes @ 0x00402B00) -- CPU is running -- CPU_ReadMem(256 bytes @ 0x00402C00) -- CPU is running -- CPU_ReadMem(256 bytes @ 0x00402D00)
 -- CPU is running -- CPU_ReadMem(256 bytes @ 0x00402E00) -- CPU is running -- CPU_ReadMem(256 bytes @ 0x00402F00) -- CPU is running -- CPU_ReadMem(256 bytes @ 0x00403000) -- CPU is running -- CPU_ReadMem(256 bytes @ 0x00403100) -- CPU is running -- CPU_ReadMem(256 bytes @ 0x00403200) -- CPU is running -- CPU_ReadMem(256 bytes @ 0x00403300) -- CPU is running -- CPU_ReadMem(256 bytes @ 0x00403400) -- CPU is running -- CPU_ReadMem(256 bytes @ 0x00403500) -- CPU is running
 -- CPU_ReadMem(256 bytes @ 0x00403600) -- CPU is running -- CPU_ReadMem(256 bytes @ 0x00403700) -- CPU is running -- CPU_ReadMem(256 bytes @ 0x00403800) -- CPU is running -- CPU_ReadMem(256 bytes @ 0x00403900) -- CPU is running -- CPU_ReadMem(256 bytes @ 0x00403A00) -- CPU is running -- CPU_ReadMem(256 bytes @ 0x00403B00) -- CPU is running -- CPU_ReadMem(256 bytes @ 0x00403C00) -- CPU is running -- CPU_ReadMem(256 bytes @ 0x00403D00) -- CPU is running -- CPU_ReadMem(256 bytes @ 0x00403E00)
 -- CPU is running -- CPU_ReadMem(256 bytes @ 0x00403F00) -- CPU is running -- CPU_ReadMem(256 bytes @ 0x00404000) -- CPU is running -- CPU_ReadMem(256 bytes @ 0x00404100) -- CPU is running -- CPU_ReadMem(256 bytes @ 0x00404200) -- CPU is running -- CPU_ReadMem(256 bytes @ 0x00404300) -- CPU is running -- CPU_ReadMem(256 bytes @ 0x00404400) -- CPU is running -- CPU_ReadMem(256 bytes @ 0x00404500) -- CPU is running -- CPU_ReadMem(256 bytes @ 0x00404600) -- CPU is running
 -- CPU_ReadMem(256 bytes @ 0x00404700) -- CPU is running -- CPU_ReadMem(256 bytes @ 0x00404800) -- CPU is running -- CPU_ReadMem(256 bytes @ 0x00404900) -- CPU is running -- CPU_ReadMem(256 bytes @ 0x00404A00) -- CPU is running -- CPU_ReadMem(256 bytes @ 0x00404B00) -- CPU is running -- CPU_ReadMem(256 bytes @ 0x00404C00) -- CPU is running -- CPU_ReadMem(256 bytes @ 0x00404D00) -- CPU is running -- CPU_ReadMem(256 bytes @ 0x00404E00) -- CPU is running -- CPU_ReadMem(256 bytes @ 0x00404F00)
 -- CPU is running -- CPU_ReadMem(256 bytes @ 0x00405000) -- CPU is running -- CPU_ReadMem(256 bytes @ 0x00405100) -- CPU is running -- CPU_ReadMem(256 bytes @ 0x00405200) -- CPU is running -- CPU_ReadMem(256 bytes @ 0x00405300) -- CPU is running -- CPU_ReadMem(256 bytes @ 0x00405400) -- CPU is running -- CPU_ReadMem(256 bytes @ 0x00405500) -- CPU is running -- CPU_ReadMem(256 bytes @ 0x00405600) -- CPU is running -- CPU_ReadMem(256 bytes @ 0x00405700) -- CPU is running
 -- CPU_ReadMem(256 bytes @ 0x00405800) -- CPU is running -- CPU_ReadMem(256 bytes @ 0x00405900) -- CPU is running -- CPU_ReadMem(256 bytes @ 0x00405A00) -- CPU is running -- CPU_ReadMem(256 bytes @ 0x00405B00) -- CPU is running -- CPU_ReadMem(256 bytes @ 0x00405C00) -- CPU is running -- CPU_ReadMem(256 bytes @ 0x00405D00) -- CPU is running -- CPU_ReadMem(256 bytes @ 0x00405E00) -- CPU is running -- CPU_ReadMem(256 bytes @ 0x00405F00) -- CPU is running -- CPU_ReadMem(256 bytes @ 0x00406000)
 -- CPU is running -- CPU_ReadMem(256 bytes @ 0x00406100) -- CPU is running -- CPU_ReadMem(256 bytes @ 0x00406200) -- CPU is running -- CPU_ReadMem(256 bytes @ 0x00406300) -- CPU is running -- CPU_ReadMem(256 bytes @ 0x00406400) -- CPU is running -- CPU_ReadMem(256 bytes @ 0x00406500) -- CPU is running -- CPU_ReadMem(256 bytes @ 0x00406600) -- CPU is running -- CPU_ReadMem(256 bytes @ 0x00406700) -- CPU is running -- CPU_ReadMem(256 bytes @ 0x00406800) -- CPU is running
 -- CPU_ReadMem(256 bytes @ 0x00406900) -- CPU is running -- CPU_ReadMem(256 bytes @ 0x00406A00) -- CPU is running -- CPU_ReadMem(256 bytes @ 0x00406B00) -- CPU is running -- CPU_ReadMem(256 bytes @ 0x00406C00) -- CPU is running -- CPU_ReadMem(256 bytes @ 0x00406D00) -- CPU is running -- CPU_ReadMem(256 bytes @ 0x00406E00) -- CPU is running -- CPU_ReadMem(256 bytes @ 0x00406F00) -- CPU is running -- CPU_ReadMem(256 bytes @ 0x00407000) -- CPU is running -- CPU_ReadMem(256 bytes @ 0x00407100)
 -- CPU is running -- CPU_ReadMem(256 bytes @ 0x00407200) -- CPU is running -- CPU_ReadMem(256 bytes @ 0x00407300) -- CPU is running -- CPU_ReadMem(256 bytes @ 0x00407400) -- CPU is running -- CPU_ReadMem(256 bytes @ 0x00407500) -- CPU is running -- CPU_ReadMem(256 bytes @ 0x00407600) -- CPU is running -- CPU_ReadMem(256 bytes @ 0x00407700) -- CPU is running -- CPU_ReadMem(256 bytes @ 0x00407800) -- CPU is running -- CPU_ReadMem(256 bytes @ 0x00407900) -- CPU is running
 -- CPU_ReadMem(256 bytes @ 0x00407A00) -- CPU is running -- CPU_ReadMem(256 bytes @ 0x00407B00) -- CPU is running -- CPU_ReadMem(256 bytes @ 0x00407C00) -- CPU is running -- CPU_ReadMem(256 bytes @ 0x00407D00) -- CPU is running -- CPU_ReadMem(256 bytes @ 0x00407E00) -- CPU is running -- CPU_ReadMem(256 bytes @ 0x00407F00) -- CRC does not match for sectors 0-127 -- Comparing range 0x408000 - 0x4090FF (17 Sectors, 4 KB), using multi-block CRC calculation -- CPU is running
 -- CPU_ReadMem(256 bytes @ 0x00408000) -- CPU is running -- CPU_ReadMem(256 bytes @ 0x00408100) -- CPU is running -- CPU_ReadMem(256 bytes @ 0x00408200) -- CPU is running -- CPU_ReadMem(256 bytes @ 0x00408300) -- CPU is running -- CPU_ReadMem(256 bytes @ 0x00408400) -- CPU is running -- CPU_ReadMem(256 bytes @ 0x00408500) -- CPU is running -- CPU_ReadMem(256 bytes @ 0x00408600) -- CPU is running -- CPU_ReadMem(256 bytes @ 0x00408700) -- CPU is running -- CPU_ReadMem(256 bytes @ 0x00408800)
 -- CPU is running -- CPU_ReadMem(256 bytes @ 0x00408900) -- CPU is running -- CPU_ReadMem(256 bytes @ 0x00408A00) -- CPU is running -- CPU_ReadMem(256 bytes @ 0x00408B00) -- CPU is running -- CPU_ReadMem(256 bytes @ 0x00408C00) -- CPU is running -- CPU_ReadMem(256 bytes @ 0x00408D00) -- CPU is running -- CPU_ReadMem(256 bytes @ 0x00408E00) -- CPU is running -- CPU_ReadMem(256 bytes @ 0x00408F00) -- CPU is running -- CPU_ReadMem(256 bytes @ 0x00409000) -- CRC does not match for sectors 0-16
 -- End of comparing flash -- Start of erasing sectors -- End of erasing sectors -- Start of flash programming -- Programming range 0x00400000 - 0x00401FFF (032 Sectors, 8 KB) -- Programming range 0x00402000 - 0x00403FFF (032 Sectors, 8 KB) -- Programming range 0x00404000 - 0x00405FFF (032 Sectors, 8 KB) -- Programming range 0x00406000 - 0x00407FFF (032 Sectors, 8 KB) -- Programming range 0x00408000 - 0x004090FF (017 Sectors, 4 KB) -- End of flash programming
 -- Flash programming performed for 1 range (37120 bytes) -- 0x400000 - 0x4090FF (145 Sectors, 36 KB) -- Start of verifying flash -- Checksum calculation was estimated as fastest method -- End of verifying flash -- Start of restoring -- Restore RAMCode -- Restore content of target memory -- Restore target -- Restore memory -- Restore content of registers -- End of restoring -- Total time needed: 0.886s (Prepare: 0.072s, Compare: 0.379s, Erase: 0.000s, Program: 0.399s, Verify: 0.030s, Restore: 0.004s)
  returns 0xFFFFFFFE (0889ms, 66790ms total)
T2374 8651:906 JLINK_EndDownload()  returns 0x00 (0000ms, 66790ms total)
T212C 8651:906 JLINK_EMU_GetList(InterfaceMask = 0x00000001, MaxInfos = 0x00000032) [0]: USB, S/N: 268005015  returns 0x01 (0000ms, 66790ms total)
T2374 8651:906 JLINK_JTAG_GetDeviceID(DeviceIndex = 0)  returns 0x4BA00477 (0000ms, 66790ms total)
T2374 8651:906 JLINK_ReadMemU32(0x400E0740, 0x0001 Items, ...) -- CPU_ReadMem(4 bytes @ 0x400E0740) - Data: 60 09 90 28  returns 0x01 (0001ms, 66791ms total)
T0D68 8651:921 JLINK_IsHalted()  returns TRUE (0001ms, 66792ms total)
T11EC 8651:949 JLINK_Halt()  returns 0x00 (0000ms, 66791ms total)
T11EC 8651:949 JLINK_ReadReg(R15 (PC))  returns 0xFFFFFFFE (0000ms, 66791ms total)
T11EC 8651:949 JLINK_ReadReg(R13 (SP))  returns 0xFFFFFFFC (0000ms, 66791ms total)
T11EC 8651:950 JLINK_ReadReg(R0)  returns 0x400E1400 (0001ms, 66792ms total)
T11EC 8651:951 JLINK_ReadReg(R1)  returns 0x00000000 (0000ms, 66792ms total)
T11EC 8651:951 JLINK_ReadReg(R2)  returns 0xA5000004 (0000ms, 66792ms total)
T11EC 8651:951 JLINK_ReadReg(R3)  returns 0x00400EB5 (0000ms, 66792ms total)
T11EC 8651:951 JLINK_ReadReg(R4)  returns 0x20000001 (0000ms, 66792ms total)
T11EC 8651:951 JLINK_ReadReg(R5)  returns 0x000085EE (0000ms, 66792ms total)
T11EC 8651:951 JLINK_ReadReg(R6)  returns 0x004004DD (0000ms, 66792ms total)
T11EC 8651:951 JLINK_ReadReg(R7)  returns 0x20000480 (0000ms, 66792ms total)
T11EC 8651:951 JLINK_ReadReg(R8)  returns 0x99011046 (0000ms, 66792ms total)
T11EC 8651:951 JLINK_ReadReg(R9)  returns 0x60048000 (0000ms, 66792ms total)
T11EC 8651:951 JLINK_ReadReg(R10)  returns 0xC0020080 (0000ms, 66792ms total)
T11EC 8651:951 JLINK_ReadReg(R11)  returns 0x10009040 (0000ms, 66792ms total)
T11EC 8651:951 JLINK_ReadReg(R12)  returns 0x2000098F (0000ms, 66792ms total)
T11EC 8651:951 JLINK_ReadReg(R13 (SP))  returns 0xFFFFFFFC (0000ms, 66792ms total)
T11EC 8651:951 JLINK_ReadReg(R14)  returns 0xFFFFFFFF (0000ms, 66792ms total)
T11EC 8651:951 JLINK_ReadReg(R15 (PC))  returns 0xFFFFFFFE (0000ms, 66792ms total)
T11EC 8651:951 JLINK_ReadReg(XPSR)  returns 0x01000000 (0000ms, 66792ms total)
T11EC 8651:951 JLINK_ReadReg(MSP)  returns 0xFFFFFFFC (0000ms, 66792ms total)
T11EC 8651:951 JLINK_ReadReg(PSP)  returns 0x0000C008 (0000ms, 66792ms total)
T11EC 8651:951 JLINK_ReadReg(APSR)  returns 0x00000000 (0000ms, 66792ms total)
T11EC 8651:951 JLINK_ReadReg(EPSR)  returns 0x01000000 (0000ms, 66792ms total)
T11EC 8651:951 JLINK_ReadReg(IPSR)  returns 0x00000000 (0000ms, 66792ms total)
T11EC 8651:951 JLINK_ReadReg(PRIMASK)  returns 0x00000000 (0000ms, 66792ms total)
T11EC 8651:951 JLINK_ReadReg(BASEPRI)  returns 0x00000000 (0000ms, 66792ms total)
T11EC 8651:951 JLINK_ReadReg(FAULTMASK)  returns 0x00000000 (0000ms, 66792ms total)
T11EC 8651:951 JLINK_ReadReg(CONTROL)  returns 0x00000000 (0000ms, 66792ms total)
T11EC 8651:974 JLINK_ReadReg(R0)  returns 0x400E1400 (0000ms, 66792ms total)
T11EC 8651:974 JLINK_ReadReg(R1)  returns 0x00000000 (0000ms, 66792ms total)
T11EC 8651:974 JLINK_ReadReg(R2)  returns 0xA5000004 (0000ms, 66792ms total)
T11EC 8651:974 JLINK_ReadReg(R3)  returns 0x00400EB5 (0000ms, 66792ms total)
T11EC 8651:974 JLINK_ReadReg(R4)  returns 0x20000001 (0000ms, 66792ms total)
T11EC 8651:974 JLINK_ReadReg(R5)  returns 0x000085EE (0000ms, 66792ms total)
T11EC 8651:974 JLINK_ReadReg(R6)  returns 0x004004DD (0000ms, 66792ms total)
T11EC 8651:974 JLINK_ReadReg(R7)  returns 0x20000480 (0000ms, 66792ms total)
T11EC 8651:974 JLINK_ReadReg(R8)  returns 0x99011046 (0000ms, 66792ms total)
T11EC 8651:974 JLINK_ReadReg(R9)  returns 0x60048000 (0000ms, 66792ms total)
T11EC 8651:974 JLINK_ReadReg(R10)  returns 0xC0020080 (0000ms, 66792ms total)
T11EC 8651:974 JLINK_ReadReg(R11)  returns 0x10009040 (0000ms, 66792ms total)
T11EC 8651:974 JLINK_ReadReg(R12)  returns 0x2000098F (0000ms, 66792ms total)
T11EC 8651:974 JLINK_ReadReg(R13 (SP))  returns 0xFFFFFFFC (0000ms, 66792ms total)
T11EC 8651:974 JLINK_ReadReg(R14)  returns 0xFFFFFFFF (0000ms, 66792ms total)
T11EC 8651:974 JLINK_ReadReg(R15 (PC))  returns 0xFFFFFFFE (0000ms, 66792ms total)
T11EC 8651:974 JLINK_ReadReg(XPSR)  returns 0x01000000 (0000ms, 66792ms total)
T11EC 8651:974 JLINK_ReadReg(MSP)  returns 0xFFFFFFFC (0000ms, 66792ms total)
T11EC 8651:974 JLINK_ReadReg(PSP)  returns 0x0000C008 (0000ms, 66792ms total)
T11EC 8651:974 JLINK_ReadReg(APSR)  returns 0x00000000 (0000ms, 66792ms total)
T11EC 8651:974 JLINK_ReadReg(EPSR)  returns 0x01000000 (0000ms, 66792ms total)
T11EC 8651:974 JLINK_ReadReg(IPSR)  returns 0x00000000 (0000ms, 66792ms total)
T11EC 8651:974 JLINK_ReadReg(PRIMASK)  returns 0x00000000 (0000ms, 66792ms total)
T11EC 8651:974 JLINK_ReadReg(BASEPRI)  returns 0x00000000 (0000ms, 66792ms total)
T11EC 8651:974 JLINK_ReadReg(FAULTMASK)  returns 0x00000000 (0000ms, 66792ms total)
T11EC 8651:974 JLINK_ReadReg(CONTROL)  returns 0x00000000 (0000ms, 66792ms total)
T11EC 8651:985 JLINK_ReadReg(R15 (PC))  returns 0xFFFFFFFE (0000ms, 66792ms total)
T11EC 8651:985 JLINK_Reset() -- CPU_ReadMem(16 bytes @ 0x20000000) -- CPU_WriteMem(16 bytes @ 0x20000000) -- CPU_ReadMem(4 bytes @ 0xE000EDFC) -- CPU_WriteMem(4 bytes @ 0xE000EDFC) -- CPU_ReadMem(4 bytes @ 0xE0001000) -- CPU_WriteMem(4 bytes @ 0xE000ED0C) -- CPU_ReadMem(4 bytes @ 0xE000EDF0) -- CPU_ReadMem(4 bytes @ 0xE000EDF0) -- CPU_WriteMem(4 bytes @ 0xE000EDFC) -- CPU_WriteMem(16 bytes @ 0x20000000) -- CPU_WriteMem(4 bytes @ 0xE0002000) -- CPU_ReadMem(4 bytes @ 0xE000EDFC)
 -- CPU_ReadMem(4 bytes @ 0xE0001000) (0024ms, 66816ms total)
T0D68 8652:009 JLINK_IsHalted()  returns TRUE (0000ms, 66816ms total)
T0D68 8652:009 JLINK_GetMOEs(...) -- CPU_ReadMem(4 bytes @ 0xE000ED30) -- CPU_WriteMem(4 bytes @ 0xE000ED30)  returns 0x01 (0001ms, 66817ms total)
T0D68 8652:010 JLINK_ReadReg(R15 (PC))  returns 0x00403400 (0000ms, 66817ms total)
T11EC 8652:019 JLINK_ReadReg(R15 (PC))  returns 0x00403400 (0000ms, 66817ms total)
T11EC 8652:019 JLINK_ReadReg(R13 (SP))  returns 0x20002C18 (0000ms, 66817ms total)
T11EC 8652:198 JLINK_ReadReg(R15 (PC))  returns 0x00403400 (0000ms, 66817ms total)
T11EC 8652:198 JLINK_GetNumBPUnits(Type = 0xFFFFFF02)  returns 0x06 (0000ms, 66817ms total)
T11EC 8652:198 JLINK_SetBPEx(Addr = 0x0040363C, Type = 0xFFFFFF02)  returns 0x00000001 (0000ms, 66817ms total)
T11EC 8652:198 JLINK_GetBPInfo(BPHandle = 1)  returns 0x00 (0000ms, 66817ms total)
T11EC 8652:198 JLINK_Go() -- CPU_ReadMem(4 bytes @ 0xE0001000) -- CPU_WriteMem(4 bytes @ 0xE0002008) -- CPU_WriteMem(4 bytes @ 0xE000200C) -- CPU_WriteMem(4 bytes @ 0xE0002010) -- CPU_WriteMem(4 bytes @ 0xE0002014) -- CPU_WriteMem(4 bytes @ 0xE0002018) -- CPU_WriteMem(4 bytes @ 0xE000201C) -- CPU_WriteMem(4 bytes @ 0xE0001004) (0004ms, 66821ms total)
T0D68 8652:202 JLINK_IsHalted()  returns FALSE (0000ms, 66821ms total)
T0D68 8652:222 JLINK_IsHalted()  returns TRUE (0003ms, 66824ms total)
T0D68 8652:225 JLINK_GetMOEs(...) -- CPU_ReadMem(4 bytes @ 0xE000ED30) -- CPU_WriteMem(4 bytes @ 0xE000ED30)  returns 0x01 (0001ms, 66822ms total)
T0D68 8652:226 JLINK_ReadReg(R15 (PC))  returns 0x0040363C (0000ms, 66822ms total)
T0D68 8652:226 JLINK_GetBPInfo(BPHandle = 1)  returns 0x00 (0000ms, 66822ms total)
T0D68 8652:226 JLINK_ClrBPEx(BPHandle = 0x00000001)  returns 0x00 (0000ms, 66822ms total)
T11EC 8652:232 JLINK_ReadReg(R15 (PC))  returns 0x0040363C (0000ms, 66822ms total)
T11EC 8652:232 JLINK_ReadReg(R13 (SP))  returns 0x20002C10 (0000ms, 66822ms total)
T11EC 8652:284 JLINK_ReadReg(R15 (PC))  returns 0x0040363C (0000ms, 66822ms total)
T11EC 8652:284 JLINK_Go() -- CPU_ReadMem(4 bytes @ 0xE0001000) -- CPU_WriteMem(4 bytes @ 0xE0002008) (0002ms, 66824ms total)
T0D68 8652:286 JLINK_IsHalted()  returns FALSE (0000ms, 66824ms total)
T0D68 8652:326 JLINK_IsHalted()  returns FALSE (0001ms, 66825ms total)
T0D68 8652:488 JLINK_IsHalted()  returns FALSE (0000ms, 66824ms total)
T0D68 8653:129 JLINK_IsHalted()  returns FALSE (0001ms, 66825ms total)
T212C 8653:223 JLINK_EMU_GetList(InterfaceMask = 0x00000001, MaxInfos = 0x00000032) [0]: USB, S/N: 268005015  returns 0x01 (0000ms, 66824ms total)
T0D68 8653:770 JLINK_IsHalted()  returns FALSE (0000ms, 66824ms total)
T0D68 8654:411 JLINK_IsHalted()  returns FALSE (0001ms, 66825ms total)
T212C 8654:541 JLINK_EMU_GetList(InterfaceMask = 0x00000001, MaxInfos = 0x00000032) [0]: USB, S/N: 268005015  returns 0x01 (0000ms, 66824ms total)
T0D68 8655:052 JLINK_IsHalted()  returns FALSE (0000ms, 66824ms total)
T0D68 8655:693 JLINK_IsHalted()  returns FALSE (0001ms, 66825ms total)
T212C 8655:858 JLINK_EMU_GetList(InterfaceMask = 0x00000001, MaxInfos = 0x00000032) [0]: USB, S/N: 268005015  returns 0x01 (0000ms, 66824ms total)
T0D68 8656:334 JLINK_IsHalted()  returns FALSE (0000ms, 66824ms total)
T0D68 8656:975 JLINK_IsHalted()  returns FALSE (0001ms, 66825ms total)
T212C 8657:177 JLINK_EMU_GetList(InterfaceMask = 0x00000001, MaxInfos = 0x00000032) [0]: USB, S/N: 268005015  returns 0x01 (0001ms, 66825ms total)
T0D68 8657:617 JLINK_IsHalted()  returns FALSE (0000ms, 66825ms total)
T0D68 8658:258 JLINK_IsHalted()  returns FALSE (0001ms, 66826ms total)
T212C 8658:494 JLINK_EMU_GetList(InterfaceMask = 0x00000001, MaxInfos = 0x00000032) [0]: USB, S/N: 268005015  returns 0x01 (0000ms, 66825ms total)
T0D68 8658:900 JLINK_IsHalted()  returns FALSE (0000ms, 66825ms total)
T0D68 8659:540 JLINK_IsHalted()  returns FALSE (0001ms, 66826ms total)
T212C 8659:811 JLINK_EMU_GetList(InterfaceMask = 0x00000001, MaxInfos = 0x00000032) [0]: USB, S/N: 268005015  returns 0x01 (0000ms, 66825ms total)
T0D68 8660:181 JLINK_IsHalted()  returns FALSE (0000ms, 66825ms total)
T0D68 8660:823 JLINK_IsHalted()  returns FALSE (0001ms, 66826ms total)
T212C 8661:127 JLINK_EMU_GetList(InterfaceMask = 0x00000001, MaxInfos = 0x00000032) [0]: USB, S/N: 268005015  returns 0x01 (0000ms, 66825ms total)
T0D68 8661:465 JLINK_IsHalted()  returns FALSE (0000ms, 66825ms total)
T0D68 8662:105 JLINK_IsHalted()  returns FALSE (0001ms, 66826ms total)
T212C 8662:447 JLINK_EMU_GetList(InterfaceMask = 0x00000001, MaxInfos = 0x00000032) [0]: USB, S/N: 268005015  returns 0x01 (0001ms, 66826ms total)
T0D68 8662:747 JLINK_IsHalted()  returns FALSE (0000ms, 66826ms total)
T0D68 8663:388 JLINK_IsHalted()  returns FALSE (0000ms, 66826ms total)
T212C 8663:764 JLINK_EMU_GetList(InterfaceMask = 0x00000001, MaxInfos = 0x00000032) [0]: USB, S/N: 268005015  returns 0x01 (0001ms, 66827ms total)
T0D68 8664:028 JLINK_IsHalted()  returns FALSE (0000ms, 66827ms total)
T0D68 8664:668 JLINK_IsHalted()  returns FALSE (0001ms, 66828ms total)
T212C 8665:082 JLINK_EMU_GetList(InterfaceMask = 0x00000001, MaxInfos = 0x00000032) [0]: USB, S/N: 268005015  returns 0x01 (0000ms, 66827ms total)
T0D68 8665:310 JLINK_IsHalted()  returns FALSE (0000ms, 66827ms total)
T0D68 8665:951 JLINK_IsHalted()  returns FALSE (0000ms, 66827ms total)
T212C 8666:398 JLINK_EMU_GetList(InterfaceMask = 0x00000001, MaxInfos = 0x00000032) [0]: USB, S/N: 268005015  returns 0x01 (0000ms, 66827ms total)
T0D68 8666:592 JLINK_IsHalted()  returns FALSE (0000ms, 66827ms total)
T0D68 8667:232 JLINK_IsHalted()  returns FALSE (0001ms, 66828ms total)
T212C 8667:713 JLINK_EMU_GetList(InterfaceMask = 0x00000001, MaxInfos = 0x00000032) [0]: USB, S/N: 268005015  returns 0x01 (0000ms, 66827ms total)
T0D68 8667:874 JLINK_IsHalted()  returns FALSE (0001ms, 66828ms total)
T0D68 8668:516 JLINK_IsHalted()  returns FALSE (0001ms, 66828ms total)
T212C 8669:029 JLINK_EMU_GetList(InterfaceMask = 0x00000001, MaxInfos = 0x00000032) [0]: USB, S/N: 268005015  returns 0x01 (0001ms, 66828ms total)
T0D68 8669:157 JLINK_IsHalted()  returns FALSE (0000ms, 66828ms total)
T0D68 8669:798 JLINK_IsHalted()  returns FALSE (0001ms, 66829ms total)
T212C 8670:347 JLINK_EMU_GetList(InterfaceMask = 0x00000001, MaxInfos = 0x00000032) [0]: USB, S/N: 268005015  returns 0x01 (0000ms, 66828ms total)
T0D68 8670:439 JLINK_IsHalted()  returns FALSE (0000ms, 66828ms total)
T0D68 8671:080 JLINK_IsHalted()  returns FALSE (0001ms, 66829ms total)
T212C 8671:665 JLINK_EMU_GetList(InterfaceMask = 0x00000001, MaxInfos = 0x00000032) [0]: USB, S/N: 268005015  returns 0x01 (0000ms, 66828ms total)
T0D68 8671:721 JLINK_IsHalted()  returns FALSE (0000ms, 66828ms total)
T0D68 8672:361 JLINK_IsHalted()  returns FALSE (0000ms, 66828ms total)
T212C 8672:983 JLINK_EMU_GetList(InterfaceMask = 0x00000001, MaxInfos = 0x00000032) [0]: USB, S/N: 268005015  returns 0x01 (0000ms, 66828ms total)
T0D68 8673:002 JLINK_IsHalted()  returns FALSE (0000ms, 66828ms total)
T0D68 8673:642 JLINK_IsHalted()  returns FALSE (0001ms, 66829ms total)
T0D68 8674:284 JLINK_IsHalted()  returns FALSE (0000ms, 66828ms total)
T212C 8674:301 JLINK_EMU_GetList(InterfaceMask = 0x00000001, MaxInfos = 0x00000032) [0]: USB, S/N: 268005015  returns 0x01 (0000ms, 66828ms total)
T0D68 8674:924 JLINK_IsHalted()  returns FALSE (0001ms, 66829ms total)
T0D68 8675:566 JLINK_IsHalted()  returns FALSE (0000ms, 66828ms total)
T212C 8675:618 JLINK_EMU_GetList(InterfaceMask = 0x00000001, MaxInfos = 0x00000032) [0]: USB, S/N: 268005015  returns 0x01 (0000ms, 66828ms total)
T0D68 8676:206 JLINK_IsHalted()  returns FALSE (0001ms, 66829ms total)
T0D68 8676:848 JLINK_IsHalted()  returns FALSE (0000ms, 66828ms total)
T212C 8676:935 JLINK_EMU_GetList(InterfaceMask = 0x00000001, MaxInfos = 0x00000032) [0]: USB, S/N: 268005015  returns 0x01 (0000ms, 66828ms total)
T0D68 8677:489 JLINK_IsHalted()  returns FALSE (0001ms, 66829ms total)
T0D68 8678:130 JLINK_IsHalted()  returns FALSE (0000ms, 66828ms total)
T212C 8678:251 JLINK_EMU_GetList(InterfaceMask = 0x00000001, MaxInfos = 0x00000032) [0]: USB, S/N: 268005015  returns 0x01 (0000ms, 66828ms total)
T0D68 8678:770 JLINK_IsHalted()  returns FALSE (0001ms, 66829ms total)
T0D68 8679:412 JLINK_IsHalted()  returns FALSE (0000ms, 66828ms total)
T212C 8679:565 JLINK_EMU_GetList(InterfaceMask = 0x00000001, MaxInfos = 0x00000032) [0]: USB, S/N: 268005015  returns 0x01 (0000ms, 66828ms total)
T0D68 8680:052 JLINK_IsHalted()  returns FALSE (0001ms, 66829ms total)
T0D68 8680:694 JLINK_IsHalted()  returns FALSE (0000ms, 66828ms total)
T212C 8680:884 JLINK_EMU_GetList(InterfaceMask = 0x00000001, MaxInfos = 0x00000032) [0]: USB, S/N: 268005015  returns 0x01 (0000ms, 66828ms total)
T0D68 8681:334 JLINK_IsHalted()  returns FALSE (0001ms, 66829ms total)
T0D68 8681:976 JLINK_IsHalted()  returns FALSE (0000ms, 66828ms total)
T212C 8682:201 JLINK_EMU_GetList(InterfaceMask = 0x00000001, MaxInfos = 0x00000032) [0]: USB, S/N: 268005015  returns 0x01 (0000ms, 66828ms total)
T0D68 8682:616 JLINK_IsHalted()  returns FALSE (0001ms, 66829ms total)
T0D68 8683:258 JLINK_IsHalted()  returns FALSE (0000ms, 66828ms total)
T212C 8683:518 JLINK_EMU_GetList(InterfaceMask = 0x00000001, MaxInfos = 0x00000032) [0]: USB, S/N: 268005015  returns 0x01 (0000ms, 66828ms total)
T0D68 8683:898 JLINK_IsHalted()  returns FALSE (0001ms, 66829ms total)
T0D68 8684:540 JLINK_IsHalted()  returns FALSE (0000ms, 66828ms total)
T212C 8684:836 JLINK_EMU_GetList(InterfaceMask = 0x00000001, MaxInfos = 0x00000032) [0]: USB, S/N: 268005015  returns 0x01 (0000ms, 66828ms total)
T0D68 8685:180 JLINK_IsHalted()  returns FALSE (0001ms, 66829ms total)
T0D68 8685:821 JLINK_IsHalted()  returns FALSE (0000ms, 66828ms total)
T212C 8686:153 JLINK_EMU_GetList(InterfaceMask = 0x00000001, MaxInfos = 0x00000032) [0]: USB, S/N: 268005015  returns 0x01 (0000ms, 66828ms total)
T0D68 8686:462 JLINK_IsHalted()  returns FALSE (0001ms, 66829ms total)
T0D68 8687:103 JLINK_IsHalted()  returns FALSE (0000ms, 66828ms total)
T212C 8687:470 JLINK_EMU_GetList(InterfaceMask = 0x00000001, MaxInfos = 0x00000032) [0]: USB, S/N: 268005015  returns 0x01 (0000ms, 66828ms total)
T0D68 8687:744 JLINK_IsHalted()  returns FALSE (0000ms, 66828ms total)
T0D68 8688:384 JLINK_IsHalted()  returns FALSE (0000ms, 66828ms total)
T212C 8688:787 JLINK_EMU_GetList(InterfaceMask = 0x00000001, MaxInfos = 0x00000032) [0]: USB, S/N: 268005015  returns 0x01 (0000ms, 66828ms total)
T0D68 8689:025 JLINK_IsHalted()  returns FALSE (0001ms, 66829ms total)
T0D68 8689:666 JLINK_IsHalted()  returns FALSE (0000ms, 66828ms total)
T212C 8690:103 JLINK_EMU_GetList(InterfaceMask = 0x00000001, MaxInfos = 0x00000032) [0]: USB, S/N: 268005015  returns 0x01 (0000ms, 66828ms total)
T0D68 8690:307 JLINK_IsHalted()  returns FALSE (0001ms, 66829ms total)
T0D68 8690:948 JLINK_IsHalted()  returns FALSE (0000ms, 66828ms total)
T212C 8691:420 JLINK_EMU_GetList(InterfaceMask = 0x00000001, MaxInfos = 0x00000032) [0]: USB, S/N: 268005015  returns 0x01 (0000ms, 66828ms total)
T0D68 8691:589 JLINK_IsHalted()  returns FALSE (0001ms, 66829ms total)
T0D68 8692:230 JLINK_IsHalted()  returns FALSE (0000ms, 66828ms total)
T212C 8692:737 JLINK_EMU_GetList(InterfaceMask = 0x00000001, MaxInfos = 0x00000032) [0]: USB, S/N: 268005015  returns 0x01 (0000ms, 66828ms total)
T0D68 8692:870 JLINK_IsHalted()  returns FALSE (0001ms, 66829ms total)
T0D68 8693:512 JLINK_IsHalted()  returns FALSE (0000ms, 66828ms total)
T212C 8694:054 JLINK_EMU_GetList(InterfaceMask = 0x00000001, MaxInfos = 0x00000032) [0]: USB, S/N: 268005015  returns 0x01 (0000ms, 66828ms total)
T0D68 8694:152 JLINK_IsHalted()  returns FALSE (0001ms, 66829ms total)
T0D68 8694:794 JLINK_IsHalted()  returns FALSE (0000ms, 66828ms total)
T212C 8695:371 JLINK_EMU_GetList(InterfaceMask = 0x00000001, MaxInfos = 0x00000032) [0]: USB, S/N: 268005015  returns 0x01 (0000ms, 66828ms total)
T0D68 8695:434 JLINK_IsHalted()  returns FALSE (0001ms, 66829ms total)
T0D68 8696:076 JLINK_IsHalted()  returns FALSE (0000ms, 66828ms total)
T212C 8696:690 JLINK_EMU_GetList(InterfaceMask = 0x00000001, MaxInfos = 0x00000032) [0]: USB, S/N: 268005015  returns 0x01 (0000ms, 66828ms total)
T0D68 8696:716 JLINK_IsHalted()  returns FALSE (0000ms, 66828ms total)
T0D68 8697:357 JLINK_IsHalted()  returns FALSE (0000ms, 66828ms total)
T0D68 8697:997 JLINK_IsHalted()  returns FALSE (0001ms, 66829ms total)
T212C 8698:008 JLINK_EMU_GetList(InterfaceMask = 0x00000001, MaxInfos = 0x00000032) [0]: USB, S/N: 268005015  returns 0x01 (0000ms, 66828ms total)
T0D68 8698:639 JLINK_IsHalted()  returns FALSE (0000ms, 66828ms total)
T0D68 8699:279 JLINK_IsHalted()  returns FALSE (0001ms, 66829ms total)
T212C 8699:325 JLINK_EMU_GetList(InterfaceMask = 0x00000001, MaxInfos = 0x00000032) [0]: USB, S/N: 268005015  returns 0x01 (0000ms, 66828ms total)
T0D68 8699:920 JLINK_IsHalted()  returns FALSE (0000ms, 66828ms total)
T0D68 8700:561 JLINK_IsHalted()  returns FALSE (0001ms, 66829ms total)
T212C 8700:642 JLINK_EMU_GetList(InterfaceMask = 0x00000001, MaxInfos = 0x00000032) [0]: USB, S/N: 268005015  returns 0x01 (0000ms, 66828ms total)
T0D68 8701:202 JLINK_IsHalted()  returns FALSE (0000ms, 66828ms total)
T0D68 8701:843 JLINK_IsHalted()  returns FALSE (0001ms, 66829ms total)
T212C 8701:959 JLINK_EMU_GetList(InterfaceMask = 0x00000001, MaxInfos = 0x00000032) [0]: USB, S/N: 268005015  returns 0x01 (0000ms, 66828ms total)
T0D68 8702:484 JLINK_IsHalted()  returns FALSE (0000ms, 66828ms total)
T0D68 8703:125 JLINK_IsHalted()  returns FALSE (0000ms, 66828ms total)
T212C 8703:266 JLINK_EMU_GetList(InterfaceMask = 0x00000001, MaxInfos = 0x00000032) [0]: USB, S/N: 268005015  returns 0x01 (0001ms, 66829ms total)
T0D68 8703:765 JLINK_IsHalted()  returns FALSE (0000ms, 66829ms total)
T0D68 8704:406 JLINK_IsHalted()  returns FALSE (0001ms, 66830ms total)
T212C 8704:584 JLINK_EMU_GetList(InterfaceMask = 0x00000001, MaxInfos = 0x00000032) [0]: USB, S/N: 268005015  returns 0x01 (0000ms, 66829ms total)
T0D68 8705:047 JLINK_IsHalted()  returns FALSE (0000ms, 66829ms total)
T0D68 8705:688 JLINK_IsHalted()  returns FALSE (0001ms, 66830ms total)
T212C 8705:902 JLINK_EMU_GetList(InterfaceMask = 0x00000001, MaxInfos = 0x00000032) [0]: USB, S/N: 268005015  returns 0x01 (0000ms, 66829ms total)
T0D68 8706:329 JLINK_IsHalted()  returns FALSE (0000ms, 66829ms total)
T0D68 8706:969 JLINK_IsHalted()  returns FALSE (0001ms, 66830ms total)
T212C 8707:220 JLINK_EMU_GetList(InterfaceMask = 0x00000001, MaxInfos = 0x00000032) [0]: USB, S/N: 268005015  returns 0x01 (0000ms, 66829ms total)
T0D68 8707:611 JLINK_IsHalted()  returns FALSE (0000ms, 66829ms total)
T0D68 8708:252 JLINK_IsHalted()  returns FALSE (0000ms, 66829ms total)
T212C 8708:538 JLINK_EMU_GetList(InterfaceMask = 0x00000001, MaxInfos = 0x00000032) [0]: USB, S/N: 268005015  returns 0x01 (0001ms, 66830ms total)
T0D68 8708:893 JLINK_IsHalted()  returns FALSE (0000ms, 66830ms total)
T0D68 8709:534 JLINK_IsHalted()  returns FALSE (0001ms, 66831ms total)
T212C 8709:856 JLINK_EMU_GetList(InterfaceMask = 0x00000001, MaxInfos = 0x00000032) [0]: USB, S/N: 268005015  returns 0x01 (0000ms, 66830ms total)
T0D68 8710:175 JLINK_IsHalted()  returns FALSE (0000ms, 66830ms total)
T0D68 8710:816 JLINK_IsHalted()  returns FALSE (0001ms, 66831ms total)
T212C 8711:174 JLINK_EMU_GetList(InterfaceMask = 0x00000001, MaxInfos = 0x00000032) [0]: USB, S/N: 268005015  returns 0x01 (0001ms, 66831ms total)
T0D68 8711:458 JLINK_IsHalted()  returns FALSE (0000ms, 66831ms total)
T0D68 8712:099 JLINK_IsHalted()  returns FALSE (0000ms, 66831ms total)
T212C 8712:490 JLINK_EMU_GetList(InterfaceMask = 0x00000001, MaxInfos = 0x00000032) [0]: USB, S/N: 268005015  returns 0x01 (0000ms, 66831ms total)
T0D68 8712:740 JLINK_IsHalted()  returns FALSE (0000ms, 66831ms total)
T11EC 8713:242 JLINK_Halt()  returns 0x00 (0003ms, 66834ms total)
T0D68 8713:381 JLINK_IsHalted()  returns TRUE (0000ms, 66834ms total)
T0D68 8713:381 JLINK_GetMOEs(...) -- CPU_ReadMem(4 bytes @ 0xE000ED30) -- CPU_WriteMem(4 bytes @ 0xE000ED30)  returns 0x01 (0002ms, 66836ms total)
T0D68 8713:383 JLINK_ReadReg(R15 (PC))  returns 0x004002C8 (0000ms, 66836ms total)
T0D68 8713:583 JLINK_IsHalted()  returns TRUE (0000ms, 66836ms total)
T2374 8713:584 JLINK_ResetPullsRESET(ON) (0000ms, 66836ms total)
T2374 8713:584 JLINK_ResetNoHalt() >0x2F8 JTAG>TotalIRLen = 4, IRPrint = 0x01 >0x30 JTAG> >0x210 JTAG> >0x70 JTAG> >0x40 JTAG> >0x40 JTAG> >0x40 JTAG> >0x48 JTAG> >0x78 JTAG> >0x40 JTAG> >0x30 JTAG> >0x40 JTAG> >0x40 JTAG> >0x30 JTAG> >0x40 JTAG> >0x48 JTAG>Found Cortex-M3 r2p0, Little endian. -- CPU_WriteMem(4 bytes @ 0xE0002000) -- CPU_ReadMem(4 bytes @ 0xE000EDF0) -- CPU_ReadMem(4 bytes @ 0xE0002000)FPUnit: 6 code (BP) slots and 2 literal slots -- CPU_ReadMem(4 bytes @ 0xE000EDFC)
 -- CPU_ReadMem(4 bytes @ 0xE0001000) -- CPU_ReadMem(4 bytes @ 0xE000ED88) -- CPU_WriteMem(4 bytes @ 0xE000ED88) -- CPU_ReadMem(4 bytes @ 0xE000ED88) -- CPU_WriteMem(4 bytes @ 0xE000ED88)CoreSight components:ROMTbl 0 @ E00FF000 -- CPU_ReadMem(16 bytes @ 0xE00FF000) -- CPU_ReadMem(16 bytes @ 0xE000EFF0) -- CPU_ReadMem(16 bytes @ 0xE000EFE0)ROMTbl 0 [0]: FFF0F000, CID: B105E00D, PID: 002BB000 SCS -- CPU_WriteMem(4 bytes @ 0xE0001000) -- CPU_ReadMem(16 bytes @ 0xE0001FF0)
 -- CPU_ReadMem(16 bytes @ 0xE0001FE0)ROMTbl 0 [1]: FFF02000, CID: B105E00D, PID: 002BB002 DWT -- CPU_ReadMem(16 bytes @ 0xE0002FF0) -- CPU_ReadMem(16 bytes @ 0xE0002FE0)ROMTbl 0 [2]: FFF03000, CID: B105E00D, PID: 002BB003 FPB -- CPU_ReadMem(16 bytes @ 0xE0000FF0) -- CPU_ReadMem(16 bytes @ 0xE0000FE0)ROMTbl 0 [3]: FFF01000, CID: B105E00D, PID: 002BB001 ITM -- CPU_ReadMem(16 bytes @ 0xE00FF010) -- CPU_ReadMem(16 bytes @ 0xE0040FF0) -- CPU_ReadMem(16 bytes @ 0xE0040FE0)
ROMTbl 0 [4]: FFF41000, CID: B105900D, PID: 002BB923 TPIU-Lite
                JLINK_Reset() -- CPU_ReadMem(16 bytes @ 0x20000000) -- CPU_WriteMem(16 bytes @ 0x20000000) -- CPU_ReadMem(4 bytes @ 0xE000EDFC) -- CPU_WriteMem(4 bytes @ 0xE000EDFC) -- CPU_ReadMem(4 bytes @ 0xE0001000) -- CPU_WriteMem(4 bytes @ 0xE000ED0C) -- CPU_ReadMem(4 bytes @ 0xE000EDF0) -- CPU_ReadMem(4 bytes @ 0xE000EDF0) -- CPU_WriteMem(4 bytes @ 0xE000EDFC) -- CPU_WriteMem(16 bytes @ 0x20000000) -- CPU_WriteMem(4 bytes @ 0xE0002000) -- CPU_ReadMem(4 bytes @ 0xE000EDFC)
 -- CPU_ReadMem(4 bytes @ 0xE0001000) (0028ms, 0028ms total)
                JLINK_Go() -- CPU_ReadMem(4 bytes @ 0xE0001000) -- CPU_WriteMem(4 bytes @ 0xE0002008) -- CPU_WriteMem(4 bytes @ 0xE000200C) -- CPU_WriteMem(4 bytes @ 0xE0002010) -- CPU_WriteMem(4 bytes @ 0xE0002014) -- CPU_WriteMem(4 bytes @ 0xE0002018) -- CPU_WriteMem(4 bytes @ 0xE000201C) -- CPU_WriteMem(4 bytes @ 0xE0001004) (0004ms, 0032ms total)
               (0054ms, 66890ms total)
T2374 8713:785 JLINK_Close() -- CPU is running -- CPU_WriteMem(4 bytes @ 0xE0002008) -- CPU is running -- CPU_WriteMem(4 bytes @ 0xE000200C) -- CPU is running -- CPU_WriteMem(4 bytes @ 0xE0002010) -- CPU is running -- CPU_WriteMem(4 bytes @ 0xE0002014) -- CPU is running -- CPU_WriteMem(4 bytes @ 0xE0002018) -- CPU is running -- CPU_WriteMem(4 bytes @ 0xE000201C) >0x78 JTAG> >0x08 JTAG> (0004ms, 66894ms total)
T2374 8713:785  (0004ms, 66894ms total)
T2374 8713:785 Closed (0004ms, 66894ms total)
